2016/06/11 19:23:10 [error] [exception.CHttpException.404] exception 'CHttpException' with message 'The requested view "index" was not found.' in C:\wamp\www\yii\framework\web\actions\CViewAction.php:112
Stack trace:
#0 C:\wamp\www\yii\framework\web\actions\CViewAction.php(123): CViewAction->resolveView('index')
#1 C:\wamp\www\yii\framework\web\actions\CAction.php(76): CViewAction->run()
#2 C:\wamp\www\yii\framework\web\CController.php(308): CAction->runWithParams(Array)
#3 C:\wamp\www\yii\framework\web\CController.php(286): CController->runAction(Object(CViewAction))
#4 C:\wamp\www\yii\framework\web\CController.php(265): CController->runActionWithFilters(Object(CViewAction), Array)
#5 C:\wamp\www\yii\framework\web\CWebApplication.php(282): CController->run('page')
#6 C:\wamp\www\yii\framework\web\CWebApplication.php(141): CWebApplication->runController('site/page')
#7 C:\wamp\www\yii\framework\base\CApplication.php(184): CWebApplication->processRequest()
#8 C:\wamp\www\FerreteriaVera\index.php(13): CApplication->run()
#9 {main}
REQUEST_URI=/FerreteriaVera/index.php/site/page?gii
---
2016/06/11 19:33:24 [error] [php] Creating default object from empty value (C:\wamp\www\FerreteriaVera\protected\components\UserIdentity.php:15)
Stack trace:
#0 C:\wamp\www\yii\framework\validators\CValidator.php(201): CInlineValidator->validateAttribute()
#1 C:\wamp\www\yii\framework\base\CModel.php(159): CInlineValidator->validate()
#2 C:\wamp\www\FerreteriaVera\protected\controllers\SiteController.php(94): LoginForm->validate()
#3 C:\wamp\www\yii\framework\web\actions\CInlineAction.php(49): SiteController->actionLogin()
#4 C:\wamp\www\yii\framework\web\CController.php(308): CInlineAction->runWithParams()
#5 C:\wamp\www\yii\framework\web\CController.php(286): SiteController->runAction()
#6 C:\wamp\www\yii\framework\web\CController.php(265): SiteController->runActionWithFilters()
#7 C:\wamp\www\yii\framework\web\CWebApplication.php(282): SiteController->run()
#8 C:\wamp\www\yii\framework\web\CWebApplication.php(141): CWebApplication->runController()
#9 C:\wamp\www\yii\framework\base\CApplication.php(184): CWebApplication->processRequest()
#10 C:\wamp\www\FerreteriaVera\index.php(13): CWebApplication->run()
REQUEST_URI=/FerreteriaVera/index.php/site/login
in C:\wamp\www\FerreteriaVera\protected\components\UserIdentity.php (15)
in C:\wamp\www\FerreteriaVera\protected\models\LoginForm.php (52)
in C:\wamp\www\FerreteriaVera\protected\controllers\SiteController.php (94)
2016/06/11 19:33:31 [error] [php] Creating default object from empty value (C:\wamp\www\FerreteriaVera\protected\components\UserIdentity.php:15)
Stack trace:
#0 C:\wamp\www\yii\framework\validators\CValidator.php(201): CInlineValidator->validateAttribute()
#1 C:\wamp\www\yii\framework\base\CModel.php(159): CInlineValidator->validate()
#2 C:\wamp\www\FerreteriaVera\protected\controllers\SiteController.php(94): LoginForm->validate()
#3 C:\wamp\www\yii\framework\web\actions\CInlineAction.php(49): SiteController->actionLogin()
#4 C:\wamp\www\yii\framework\web\CController.php(308): CInlineAction->runWithParams()
#5 C:\wamp\www\yii\framework\web\CController.php(286): SiteController->runAction()
#6 C:\wamp\www\yii\framework\web\CController.php(265): SiteController->runActionWithFilters()
#7 C:\wamp\www\yii\framework\web\CWebApplication.php(282): SiteController->run()
#8 C:\wamp\www\yii\framework\web\CWebApplication.php(141): CWebApplication->runController()
#9 C:\wamp\www\yii\framework\base\CApplication.php(184): CWebApplication->processRequest()
#10 C:\wamp\www\FerreteriaVera\index.php(13): CWebApplication->run()
REQUEST_URI=/FerreteriaVera/index.php/site/login
in C:\wamp\www\FerreteriaVera\protected\components\UserIdentity.php (15)
in C:\wamp\www\FerreteriaVera\protected\models\LoginForm.php (52)
in C:\wamp\www\FerreteriaVera\protected\controllers\SiteController.php (94)
2016/06/11 19:35:16 [error] [php] Creating default object from empty value (C:\wamp\www\FerreteriaVera\protected\components\UserIdentity.php:15)
Stack trace:
#0 C:\wamp\www\yii\framework\validators\CValidator.php(201): CInlineValidator->validateAttribute()
#1 C:\wamp\www\yii\framework\base\CModel.php(159): CInlineValidator->validate()
#2 C:\wamp\www\FerreteriaVera\protected\controllers\SiteController.php(94): LoginForm->validate()
#3 C:\wamp\www\yii\framework\web\actions\CInlineAction.php(49): SiteController->actionLogin()
#4 C:\wamp\www\yii\framework\web\CController.php(308): CInlineAction->runWithParams()
#5 C:\wamp\www\yii\framework\web\CController.php(286): SiteController->runAction()
#6 C:\wamp\www\yii\framework\web\CController.php(265): SiteController->runActionWithFilters()
#7 C:\wamp\www\yii\framework\web\CWebApplication.php(282): SiteController->run()
#8 C:\wamp\www\yii\framework\web\CWebApplication.php(141): CWebApplication->runController()
#9 C:\wamp\www\yii\framework\base\CApplication.php(184): CWebApplication->processRequest()
#10 C:\wamp\www\FerreteriaVera\index.php(13): CWebApplication->run()
REQUEST_URI=/FerreteriaVera/index.php/site/login
in C:\wamp\www\FerreteriaVera\protected\components\UserIdentity.php (15)
in C:\wamp\www\FerreteriaVera\protected\models\LoginForm.php (52)
in C:\wamp\www\FerreteriaVera\protected\controllers\SiteController.php (94)
2016/06/11 19:54:32 [error] [exception.CException] exception 'CException' with message 'Alias "booster.widgets.TbNavbar" is invalid. Make sure it points to an existing directory or file.' in C:\wamp\www\yii\framework\YiiBase.php:348
Stack trace:
#0 C:\wamp\www\yii\framework\web\CWidgetFactory.php(146): YiiBase::import('booster.widgets...', true)
#1 C:\wamp\www\yii\framework\web\CBaseController.php(146): CWidgetFactory->createWidget(Object(SiteController), 'booster.widgets...', Array)
#2 C:\wamp\www\yii\framework\web\CBaseController.php(180): CBaseController->createWidget('booster.widgets...', Array)
#3 C:\wamp\www\FerreteriaVera\protected\views\layouts\main.php(146): CBaseController->widget('booster.widgets...', Array)
#4 C:\wamp\www\yii\framework\web\CBaseController.php(126): require('C:\\wamp\\www\\Fer...')
#5 C:\wamp\www\yii\framework\web\CBaseController.php(95): CBaseController->renderInternal('C:\\wamp\\www\\Fer...', Array, true)
#6 C:\wamp\www\yii\framework\web\widgets\CContentDecorator.php(76): CBaseController->renderFile('C:\\wamp\\www\\Fer...', Array, true)
#7 C:\wamp\www\yii\framework\web\widgets\CContentDecorator.php(54): CContentDecorator->decorate('<div id="conten...')
#8 C:\wamp\www\yii\framework\web\widgets\COutputProcessor.php(44): CContentDecorator->processOutput('<div id="conten...')
#9 C:\wamp\www\yii\framework\web\CBaseController.php(214): COutputProcessor->run()
#10 C:\wamp\www\yii\framework\web\CBaseController.php(308): CBaseController->endWidget('CContentDecorat...')
#11 C:\wamp\www\FerreteriaVera\protected\views\layouts\column1.php(6): CBaseController->endContent()
#12 C:\wamp\www\yii\framework\web\CBaseController.php(126): require('C:\\wamp\\www\\Fer...')
#13 C:\wamp\www\yii\framework\web\CBaseController.php(95): CBaseController->renderInternal('C:\\wamp\\www\\Fer...', Array, true)
#14 C:\wamp\www\yii\framework\web\CController.php(784): CBaseController->renderFile('C:\\wamp\\www\\Fer...', Array, true)
#15 C:\wamp\www\FerreteriaVera\protected\controllers\SiteController.php(32): CController->render('index')
#16 C:\wamp\www\yii\framework\web\actions\CInlineAction.php(49): SiteController->actionIndex()
#17 C:\wamp\www\yii\framework\web\CController.php(308): CInlineAction->runWithParams(Array)
#18 C:\wamp\www\yii\framework\web\CController.php(286): CController->runAction(Object(CInlineAction))
#19 C:\wamp\www\yii\framework\web\CController.php(265): CController->runActionWithFilters(Object(CInlineAction), Array)
#20 C:\wamp\www\yii\framework\web\CWebApplication.php(282): CController->run('index')
#21 C:\wamp\www\yii\framework\web\CWebApplication.php(141): CWebApplication->runController('site/index')
#22 C:\wamp\www\yii\framework\base\CApplication.php(184): CWebApplication->processRequest()
#23 C:\wamp\www\FerreteriaVera\index.php(13): CApplication->run()
#24 {main}
REQUEST_URI=/FerreteriaVera/index.php/site/index
HTTP_REFERER=http://localhost/FerreteriaVera/index.php/site/index
---
2016/06/11 19:55:05 [error] [exception.CException] exception 'CException' with message 'Alias "booster.widgets.TbNavbar" is invalid. Make sure it points to an existing directory or file.' in C:\wamp\www\yii\framework\YiiBase.php:348
Stack trace:
#0 C:\wamp\www\yii\framework\web\CWidgetFactory.php(146): YiiBase::import('booster.widgets...', true)
#1 C:\wamp\www\yii\framework\web\CBaseController.php(146): CWidgetFactory->createWidget(Object(SiteController), 'booster.widgets...', Array)
#2 C:\wamp\www\yii\framework\web\CBaseController.php(180): CBaseController->createWidget('booster.widgets...', Array)
#3 C:\wamp\www\FerreteriaVera\protected\views\layouts\main.php(146): CBaseController->widget('booster.widgets...', Array)
#4 C:\wamp\www\yii\framework\web\CBaseController.php(126): require('C:\\wamp\\www\\Fer...')
#5 C:\wamp\www\yii\framework\web\CBaseController.php(95): CBaseController->renderInternal('C:\\wamp\\www\\Fer...', Array, true)
#6 C:\wamp\www\yii\framework\web\widgets\CContentDecorator.php(76): CBaseController->renderFile('C:\\wamp\\www\\Fer...', Array, true)
#7 C:\wamp\www\yii\framework\web\widgets\CContentDecorator.php(54): CContentDecorator->decorate('<div id="conten...')
#8 C:\wamp\www\yii\framework\web\widgets\COutputProcessor.php(44): CContentDecorator->processOutput('<div id="conten...')
#9 C:\wamp\www\yii\framework\web\CBaseController.php(214): COutputProcessor->run()
#10 C:\wamp\www\yii\framework\web\CBaseController.php(308): CBaseController->endWidget('CContentDecorat...')
#11 C:\wamp\www\FerreteriaVera\protected\views\layouts\column1.php(6): CBaseController->endContent()
#12 C:\wamp\www\yii\framework\web\CBaseController.php(126): require('C:\\wamp\\www\\Fer...')
#13 C:\wamp\www\yii\framework\web\CBaseController.php(95): CBaseController->renderInternal('C:\\wamp\\www\\Fer...', Array, true)
#14 C:\wamp\www\yii\framework\web\CController.php(784): CBaseController->renderFile('C:\\wamp\\www\\Fer...', Array, true)
#15 C:\wamp\www\FerreteriaVera\protected\controllers\SiteController.php(32): CController->render('index')
#16 C:\wamp\www\yii\framework\web\actions\CInlineAction.php(49): SiteController->actionIndex()
#17 C:\wamp\www\yii\framework\web\CController.php(308): CInlineAction->runWithParams(Array)
#18 C:\wamp\www\yii\framework\web\CController.php(286): CController->runAction(Object(CInlineAction))
#19 C:\wamp\www\yii\framework\web\CController.php(265): CController->runActionWithFilters(Object(CInlineAction), Array)
#20 C:\wamp\www\yii\framework\web\CWebApplication.php(282): CController->run('index')
#21 C:\wamp\www\yii\framework\web\CWebApplication.php(141): CWebApplication->runController('site/index')
#22 C:\wamp\www\yii\framework\base\CApplication.php(184): CWebApplication->processRequest()
#23 C:\wamp\www\FerreteriaVera\index.php(13): CApplication->run()
#24 {main}
REQUEST_URI=/FerreteriaVera/index.php/site/index
HTTP_REFERER=http://localhost/FerreteriaVera/index.php/site/index
---
2016/06/11 19:55:06 [error] [exception.CException] exception 'CException' with message 'Alias "booster.widgets.TbNavbar" is invalid. Make sure it points to an existing directory or file.' in C:\wamp\www\yii\framework\YiiBase.php:348
Stack trace:
#0 C:\wamp\www\yii\framework\web\CWidgetFactory.php(146): YiiBase::import('booster.widgets...', true)
#1 C:\wamp\www\yii\framework\web\CBaseController.php(146): CWidgetFactory->createWidget(Object(SiteController), 'booster.widgets...', Array)
#2 C:\wamp\www\yii\framework\web\CBaseController.php(180): CBaseController->createWidget('booster.widgets...', Array)
#3 C:\wamp\www\FerreteriaVera\protected\views\layouts\main.php(146): CBaseController->widget('booster.widgets...', Array)
#4 C:\wamp\www\yii\framework\web\CBaseController.php(126): require('C:\\wamp\\www\\Fer...')
#5 C:\wamp\www\yii\framework\web\CBaseController.php(95): CBaseController->renderInternal('C:\\wamp\\www\\Fer...', Array, true)
#6 C:\wamp\www\yii\framework\web\widgets\CContentDecorator.php(76): CBaseController->renderFile('C:\\wamp\\www\\Fer...', Array, true)
#7 C:\wamp\www\yii\framework\web\widgets\CContentDecorator.php(54): CContentDecorator->decorate('<div id="conten...')
#8 C:\wamp\www\yii\framework\web\widgets\COutputProcessor.php(44): CContentDecorator->processOutput('<div id="conten...')
#9 C:\wamp\www\yii\framework\web\CBaseController.php(214): COutputProcessor->run()
#10 C:\wamp\www\yii\framework\web\CBaseController.php(308): CBaseController->endWidget('CContentDecorat...')
#11 C:\wamp\www\FerreteriaVera\protected\views\layouts\column1.php(6): CBaseController->endContent()
#12 C:\wamp\www\yii\framework\web\CBaseController.php(126): require('C:\\wamp\\www\\Fer...')
#13 C:\wamp\www\yii\framework\web\CBaseController.php(95): CBaseController->renderInternal('C:\\wamp\\www\\Fer...', Array, true)
#14 C:\wamp\www\yii\framework\web\CController.php(784): CBaseController->renderFile('C:\\wamp\\www\\Fer...', Array, true)
#15 C:\wamp\www\FerreteriaVera\protected\controllers\SiteController.php(32): CController->render('index')
#16 C:\wamp\www\yii\framework\web\actions\CInlineAction.php(49): SiteController->actionIndex()
#17 C:\wamp\www\yii\framework\web\CController.php(308): CInlineAction->runWithParams(Array)
#18 C:\wamp\www\yii\framework\web\CController.php(286): CController->runAction(Object(CInlineAction))
#19 C:\wamp\www\yii\framework\web\CController.php(265): CController->runActionWithFilters(Object(CInlineAction), Array)
#20 C:\wamp\www\yii\framework\web\CWebApplication.php(282): CController->run('index')
#21 C:\wamp\www\yii\framework\web\CWebApplication.php(141): CWebApplication->runController('site/index')
#22 C:\wamp\www\yii\framework\base\CApplication.php(184): CWebApplication->processRequest()
#23 C:\wamp\www\FerreteriaVera\index.php(13): CApplication->run()
#24 {main}
REQUEST_URI=/FerreteriaVera/index.php/site/index
HTTP_REFERER=http://localhost/FerreteriaVera/index.php/site/index
---
2016/06/11 19:57:16 [error] [exception.CException] exception 'CException' with message 'Alias "booster.widgets.TbJumbotron" is invalid. Make sure it points to an existing directory or file.' in C:\wamp\www\yii\framework\YiiBase.php:348
Stack trace:
#0 C:\wamp\www\yii\framework\web\CWidgetFactory.php(146): YiiBase::import('booster.widgets...', true)
#1 C:\wamp\www\yii\framework\web\CBaseController.php(146): CWidgetFactory->createWidget(Object(SiteController), 'booster.widgets...', Array)
#2 C:\wamp\www\yii\framework\web\CBaseController.php(180): CBaseController->createWidget('booster.widgets...', Array)
#3 C:\wamp\www\FerreteriaVera\protected\views\site\index.php(13): CBaseController->widget('booster.widgets...', Array)
#4 C:\wamp\www\yii\framework\web\CBaseController.php(126): require('C:\\wamp\\www\\Fer...')
#5 C:\wamp\www\yii\framework\web\CBaseController.php(95): CBaseController->renderInternal('C:\\wamp\\www\\Fer...', NULL, true)
#6 C:\wamp\www\yii\framework\web\CController.php(869): CBaseController->renderFile('C:\\wamp\\www\\Fer...', NULL, true)
#7 C:\wamp\www\yii\framework\web\CController.php(782): CController->renderPartial('index', NULL, true)
#8 C:\wamp\www\FerreteriaVera\protected\controllers\SiteController.php(32): CController->render('index')
#9 C:\wamp\www\yii\framework\web\actions\CInlineAction.php(49): SiteController->actionIndex()
#10 C:\wamp\www\yii\framework\web\CController.php(308): CInlineAction->runWithParams(Array)
#11 C:\wamp\www\yii\framework\web\CController.php(286): CController->runAction(Object(CInlineAction))
#12 C:\wamp\www\yii\framework\web\CController.php(265): CController->runActionWithFilters(Object(CInlineAction), Array)
#13 C:\wamp\www\yii\framework\web\CWebApplication.php(282): CController->run('index')
#14 C:\wamp\www\yii\framework\web\CWebApplication.php(141): CWebApplication->runController('site/index')
#15 C:\wamp\www\yii\framework\base\CApplication.php(184): CWebApplication->processRequest()
#16 C:\wamp\www\FerreteriaVera\index.php(13): CApplication->run()
#17 {main}
REQUEST_URI=/FerreteriaVera/index.php/site/index
HTTP_REFERER=http://localhost/FerreteriaVera/index.php/site/index
---
2016/06/12 01:39:58 [error] [exception.CException] exception 'CException' with message 'Alias "application.extensions.message.ExtMessageComponent" is invalid. Make sure it points to an existing PHP file and the file is readable.' in C:\wamp\www\yii\framework\YiiBase.php:323
Stack trace:
#0 C:\wamp\www\yii\framework\YiiBase.php(196): YiiBase::import('application.ext...', true)
#1 C:\wamp\www\yii\framework\base\CModule.php(393): YiiBase::createComponent(Array)
#2 C:\wamp\www\yii\framework\base\CModule.php(103): CModule->getComponent('msg')
#3 C:\wamp\www\FerreteriaVera\protected\views\site\index.php(16): CModule->__get('msg')
#4 C:\wamp\www\yii\framework\web\CBaseController.php(126): require('C:\\wamp\\www\\Fer...')
#5 C:\wamp\www\yii\framework\web\CBaseController.php(95): CBaseController->renderInternal('C:\\wamp\\www\\Fer...', NULL, true)
#6 C:\wamp\www\yii\framework\web\CController.php(869): CBaseController->renderFile('C:\\wamp\\www\\Fer...', NULL, true)
#7 C:\wamp\www\yii\framework\web\CController.php(782): CController->renderPartial('index', NULL, true)
#8 C:\wamp\www\FerreteriaVera\protected\controllers\SiteController.php(32): CController->render('index')
#9 C:\wamp\www\yii\framework\web\actions\CInlineAction.php(49): SiteController->actionIndex()
#10 C:\wamp\www\yii\framework\web\CController.php(308): CInlineAction->runWithParams(Array)
#11 C:\wamp\www\yii\framework\web\CController.php(286): CController->runAction(Object(CInlineAction))
#12 C:\wamp\www\yii\framework\web\CController.php(265): CController->runActionWithFilters(Object(CInlineAction), Array)
#13 C:\wamp\www\yii\framework\web\CWebApplication.php(282): CController->run('')
#14 C:\wamp\www\yii\framework\web\CWebApplication.php(141): CWebApplication->runController('')
#15 C:\wamp\www\yii\framework\base\CApplication.php(184): CWebApplication->processRequest()
#16 C:\wamp\www\FerreteriaVera\index.php(13): CApplication->run()
#17 {main}
REQUEST_URI=/FerreteriaVera/
---
2016/06/12 01:41:51 [error] [system.db.CDbCommand] CDbCommand::fetchAll() failed: SQLSTATE[42S02]: Base table or view not found: 1146 Table 'ferreteriavera.{{message}}' doesn't exist. The SQL statement executed was: SHOW FULL COLUMNS FROM `{{message}}`.
in C:\wamp\www\FerreteriaVera\protected\extensions\message\ExtMessageComponent.php (34)
in C:\wamp\www\FerreteriaVera\protected\views\site\index.php (16)
in C:\wamp\www\FerreteriaVera\protected\controllers\SiteController.php (32)
2016/06/12 01:41:51 [error] [exception.CDbException] exception 'CDbException' with message 'The table "{{message}}" for active record class "ExtMessage" cannot be found in the database.' in C:\wamp\www\yii\framework\db\ar\CActiveRecord.php:2385
Stack trace:
#0 C:\wamp\www\yii\framework\db\ar\CActiveRecord.php(411): CActiveRecordMetaData->__construct(Object(ExtMessage))
#1 C:\wamp\www\yii\framework\db\ar\CActiveRecord.php(79): CActiveRecord->getMetaData()
#2 C:\wamp\www\FerreteriaVera\protected\extensions\message\ExtMessageComponent.php(34): CActiveRecord->__construct()
#3 C:\wamp\www\FerreteriaVera\protected\views\site\index.php(16): ExtMessageComponent->postMessage('info', 'This is a sampl...')
#4 C:\wamp\www\yii\framework\web\CBaseController.php(126): require('C:\\wamp\\www\\Fer...')
#5 C:\wamp\www\yii\framework\web\CBaseController.php(95): CBaseController->renderInternal('C:\\wamp\\www\\Fer...', NULL, true)
#6 C:\wamp\www\yii\framework\web\CController.php(869): CBaseController->renderFile('C:\\wamp\\www\\Fer...', NULL, true)
#7 C:\wamp\www\yii\framework\web\CController.php(782): CController->renderPartial('index', NULL, true)
#8 C:\wamp\www\FerreteriaVera\protected\controllers\SiteController.php(32): CController->render('index')
#9 C:\wamp\www\yii\framework\web\actions\CInlineAction.php(49): SiteController->actionIndex()
#10 C:\wamp\www\yii\framework\web\CController.php(308): CInlineAction->runWithParams(Array)
#11 C:\wamp\www\yii\framework\web\CController.php(286): CController->runAction(Object(CInlineAction))
#12 C:\wamp\www\yii\framework\web\CController.php(265): CController->runActionWithFilters(Object(CInlineAction), Array)
#13 C:\wamp\www\yii\framework\web\CWebApplication.php(282): CController->run('')
#14 C:\wamp\www\yii\framework\web\CWebApplication.php(141): CWebApplication->runController('')
#15 C:\wamp\www\yii\framework\base\CApplication.php(184): CWebApplication->processRequest()
#16 C:\wamp\www\FerreteriaVera\index.php(13): CApplication->run()
#17 {main}
REQUEST_URI=/FerreteriaVera/
---
2016/06/12 01:43:46 [error] [system.db.CDbCommand] CDbCommand::fetchAll() failed: SQLSTATE[42S02]: Base table or view not found: 1146 Table 'ferreteriavera.{{message}}' doesn't exist. The SQL statement executed was: SHOW FULL COLUMNS FROM `{{message}}`.
in C:\wamp\www\FerreteriaVera\protected\extensions\message\ExtMessageComponent.php (34)
in C:\wamp\www\FerreteriaVera\protected\views\site\index.php (16)
in C:\wamp\www\FerreteriaVera\protected\controllers\SiteController.php (32)
2016/06/12 01:43:46 [error] [exception.CDbException] exception 'CDbException' with message 'The table "{{message}}" for active record class "ExtMessage" cannot be found in the database.' in C:\wamp\www\yii\framework\db\ar\CActiveRecord.php:2385
Stack trace:
#0 C:\wamp\www\yii\framework\db\ar\CActiveRecord.php(411): CActiveRecordMetaData->__construct(Object(ExtMessage))
#1 C:\wamp\www\yii\framework\db\ar\CActiveRecord.php(79): CActiveRecord->getMetaData()
#2 C:\wamp\www\FerreteriaVera\protected\extensions\message\ExtMessageComponent.php(34): CActiveRecord->__construct()
#3 C:\wamp\www\FerreteriaVera\protected\views\site\index.php(16): ExtMessageComponent->postMessage('info', 'This is a sampl...')
#4 C:\wamp\www\yii\framework\web\CBaseController.php(126): require('C:\\wamp\\www\\Fer...')
#5 C:\wamp\www\yii\framework\web\CBaseController.php(95): CBaseController->renderInternal('C:\\wamp\\www\\Fer...', NULL, true)
#6 C:\wamp\www\yii\framework\web\CController.php(869): CBaseController->renderFile('C:\\wamp\\www\\Fer...', NULL, true)
#7 C:\wamp\www\yii\framework\web\CController.php(782): CController->renderPartial('index', NULL, true)
#8 C:\wamp\www\FerreteriaVera\protected\controllers\SiteController.php(32): CController->render('index')
#9 C:\wamp\www\yii\framework\web\actions\CInlineAction.php(49): SiteController->actionIndex()
#10 C:\wamp\www\yii\framework\web\CController.php(308): CInlineAction->runWithParams(Array)
#11 C:\wamp\www\yii\framework\web\CController.php(286): CController->runAction(Object(CInlineAction))
#12 C:\wamp\www\yii\framework\web\CController.php(265): CController->runActionWithFilters(Object(CInlineAction), Array)
#13 C:\wamp\www\yii\framework\web\CWebApplication.php(282): CController->run('')
#14 C:\wamp\www\yii\framework\web\CWebApplication.php(141): CWebApplication->runController('')
#15 C:\wamp\www\yii\framework\base\CApplication.php(184): CWebApplication->processRequest()
#16 C:\wamp\www\FerreteriaVera\index.php(13): CApplication->run()
#17 {main}
REQUEST_URI=/FerreteriaVera/
---
2016/06/12 01:43:49 [error] [system.db.CDbCommand] CDbCommand::fetchAll() failed: SQLSTATE[42S02]: Base table or view not found: 1146 Table 'ferreteriavera.{{message}}' doesn't exist. The SQL statement executed was: SHOW FULL COLUMNS FROM `{{message}}`.
in C:\wamp\www\FerreteriaVera\protected\extensions\message\ExtMessageComponent.php (34)
in C:\wamp\www\FerreteriaVera\protected\views\site\index.php (16)
in C:\wamp\www\FerreteriaVera\protected\controllers\SiteController.php (32)
2016/06/12 01:43:49 [error] [exception.CDbException] exception 'CDbException' with message 'The table "{{message}}" for active record class "ExtMessage" cannot be found in the database.' in C:\wamp\www\yii\framework\db\ar\CActiveRecord.php:2385
Stack trace:
#0 C:\wamp\www\yii\framework\db\ar\CActiveRecord.php(411): CActiveRecordMetaData->__construct(Object(ExtMessage))
#1 C:\wamp\www\yii\framework\db\ar\CActiveRecord.php(79): CActiveRecord->getMetaData()
#2 C:\wamp\www\FerreteriaVera\protected\extensions\message\ExtMessageComponent.php(34): CActiveRecord->__construct()
#3 C:\wamp\www\FerreteriaVera\protected\views\site\index.php(16): ExtMessageComponent->postMessage('info', 'This is a sampl...')
#4 C:\wamp\www\yii\framework\web\CBaseController.php(126): require('C:\\wamp\\www\\Fer...')
#5 C:\wamp\www\yii\framework\web\CBaseController.php(95): CBaseController->renderInternal('C:\\wamp\\www\\Fer...', NULL, true)
#6 C:\wamp\www\yii\framework\web\CController.php(869): CBaseController->renderFile('C:\\wamp\\www\\Fer...', NULL, true)
#7 C:\wamp\www\yii\framework\web\CController.php(782): CController->renderPartial('index', NULL, true)
#8 C:\wamp\www\FerreteriaVera\protected\controllers\SiteController.php(32): CController->render('index')
#9 C:\wamp\www\yii\framework\web\actions\CInlineAction.php(49): SiteController->actionIndex()
#10 C:\wamp\www\yii\framework\web\CController.php(308): CInlineAction->runWithParams(Array)
#11 C:\wamp\www\yii\framework\web\CController.php(286): CController->runAction(Object(CInlineAction))
#12 C:\wamp\www\yii\framework\web\CController.php(265): CController->runActionWithFilters(Object(CInlineAction), Array)
#13 C:\wamp\www\yii\framework\web\CWebApplication.php(282): CController->run('')
#14 C:\wamp\www\yii\framework\web\CWebApplication.php(141): CWebApplication->runController('')
#15 C:\wamp\www\yii\framework\base\CApplication.php(184): CWebApplication->processRequest()
#16 C:\wamp\www\FerreteriaVera\index.php(13): CApplication->run()
#17 {main}
REQUEST_URI=/FerreteriaVera/
---
2016/06/12 01:44:09 [error] [system.db.CDbCommand] CDbCommand::fetchAll() failed: SQLSTATE[42S02]: Base table or view not found: 1146 Table 'ferreteriavera.{{message}}' doesn't exist. The SQL statement executed was: SHOW FULL COLUMNS FROM `{{message}}`.
in C:\wamp\www\FerreteriaVera\protected\extensions\message\ExtMessageComponent.php (112)
in C:\wamp\www\FerreteriaVera\protected\extensions\message\widgets\MessagesWidget.php (10)
in C:\wamp\www\FerreteriaVera\protected\views\site\index.php (17)
2016/06/12 01:44:09 [error] [exception.CDbException] exception 'CDbException' with message 'The table "{{message}}" for active record class "ExtMessage" cannot be found in the database.' in C:\wamp\www\yii\framework\db\ar\CActiveRecord.php:2385
Stack trace:
#0 C:\wamp\www\yii\framework\db\ar\CActiveRecord.php(411): CActiveRecordMetaData->__construct(Object(ExtMessage))
#1 C:\wamp\www\yii\framework\db\ar\CActiveRecord.php(661): CActiveRecord->getMetaData()
#2 C:\wamp\www\yii\framework\db\ar\CActiveFinder.php(392): CActiveRecord->getTableSchema()
#3 C:\wamp\www\yii\framework\db\ar\CActiveFinder.php(47): CJoinElement->__construct(Object(CActiveFinder), Object(ExtMessage))
#4 C:\wamp\www\yii\framework\db\ar\CActiveRecord.php(912): CActiveFinder->__construct(Object(ExtMessage), Array)
#5 C:\wamp\www\yii\framework\db\ar\CActiveRecord.php(1360): CActiveRecord->getActiveFinder(Array)
#6 C:\wamp\www\yii\framework\db\ar\CActiveRecord.php(1475): CActiveRecord->query(Object(CDbCriteria), true)
#7 C:\wamp\www\FerreteriaVera\protected\extensions\message\ExtMessageComponent.php(112): CActiveRecord->findAll(Object(CDbCriteria))
#8 C:\wamp\www\FerreteriaVera\protected\extensions\message\widgets\MessagesWidget.php(10): ExtMessageComponent->getMessages()
#9 C:\wamp\www\yii\framework\web\CBaseController.php(181): MessagesWidget->run()
#10 C:\wamp\www\FerreteriaVera\protected\views\site\index.php(17): CBaseController->widget('application.ext...')
#11 C:\wamp\www\yii\framework\web\CBaseController.php(126): require('C:\\wamp\\www\\Fer...')
#12 C:\wamp\www\yii\framework\web\CBaseController.php(95): CBaseController->renderInternal('C:\\wamp\\www\\Fer...', NULL, true)
#13 C:\wamp\www\yii\framework\web\CController.php(869): CBaseController->renderFile('C:\\wamp\\www\\Fer...', NULL, true)
#14 C:\wamp\www\yii\framework\web\CController.php(782): CController->renderPartial('index', NULL, true)
#15 C:\wamp\www\FerreteriaVera\protected\controllers\SiteController.php(32): CController->render('index')
#16 C:\wamp\www\yii\framework\web\actions\CInlineAction.php(49): SiteController->actionIndex()
#17 C:\wamp\www\yii\framework\web\CController.php(308): CInlineAction->runWithParams(Array)
#18 C:\wamp\www\yii\framework\web\CController.php(286): CController->runAction(Object(CInlineAction))
#19 C:\wamp\www\yii\framework\web\CController.php(265): CController->runActionWithFilters(Object(CInlineAction), Array)
#20 C:\wamp\www\yii\framework\web\CWebApplication.php(282): CController->run('')
#21 C:\wamp\www\yii\framework\web\CWebApplication.php(141): CWebApplication->runController('')
#22 C:\wamp\www\yii\framework\base\CApplication.php(184): CWebApplication->processRequest()
#23 C:\wamp\www\FerreteriaVera\index.php(13): CApplication->run()
#24 {main}
REQUEST_URI=/FerreteriaVera/
---
2016/06/12 01:45:53 [error] [system.db.CDbCommand] CDbCommand::fetchAll() failed: SQLSTATE[42S02]: Base table or view not found: 1146 Table 'ferreteriavera.{{message}}' doesn't exist. The SQL statement executed was: SHOW FULL COLUMNS FROM `{{message}}`.
in C:\wamp\www\FerreteriaVera\protected\extensions\message\ExtMessageComponent.php (112)
in C:\wamp\www\FerreteriaVera\protected\extensions\message\widgets\MessagesWidget.php (10)
in C:\wamp\www\FerreteriaVera\protected\views\site\index.php (17)
2016/06/12 01:45:53 [error] [exception.CDbException] exception 'CDbException' with message 'The table "{{message}}" for active record class "ExtMessage" cannot be found in the database.' in C:\wamp\www\yii\framework\db\ar\CActiveRecord.php:2385
Stack trace:
#0 C:\wamp\www\yii\framework\db\ar\CActiveRecord.php(411): CActiveRecordMetaData->__construct(Object(ExtMessage))
#1 C:\wamp\www\yii\framework\db\ar\CActiveRecord.php(661): CActiveRecord->getMetaData()
#2 C:\wamp\www\yii\framework\db\ar\CActiveFinder.php(392): CActiveRecord->getTableSchema()
#3 C:\wamp\www\yii\framework\db\ar\CActiveFinder.php(47): CJoinElement->__construct(Object(CActiveFinder), Object(ExtMessage))
#4 C:\wamp\www\yii\framework\db\ar\CActiveRecord.php(912): CActiveFinder->__construct(Object(ExtMessage), Array)
#5 C:\wamp\www\yii\framework\db\ar\CActiveRecord.php(1360): CActiveRecord->getActiveFinder(Array)
#6 C:\wamp\www\yii\framework\db\ar\CActiveRecord.php(1475): CActiveRecord->query(Object(CDbCriteria), true)
#7 C:\wamp\www\FerreteriaVera\protected\extensions\message\ExtMessageComponent.php(112): CActiveRecord->findAll(Object(CDbCriteria))
#8 C:\wamp\www\FerreteriaVera\protected\extensions\message\widgets\MessagesWidget.php(10): ExtMessageComponent->getMessages()
#9 C:\wamp\www\yii\framework\web\CBaseController.php(181): MessagesWidget->run()
#10 C:\wamp\www\FerreteriaVera\protected\views\site\index.php(17): CBaseController->widget('application.ext...')
#11 C:\wamp\www\yii\framework\web\CBaseController.php(126): require('C:\\wamp\\www\\Fer...')
#12 C:\wamp\www\yii\framework\web\CBaseController.php(95): CBaseController->renderInternal('C:\\wamp\\www\\Fer...', NULL, true)
#13 C:\wamp\www\yii\framework\web\CController.php(869): CBaseController->renderFile('C:\\wamp\\www\\Fer...', NULL, true)
#14 C:\wamp\www\yii\framework\web\CController.php(782): CController->renderPartial('index', NULL, true)
#15 C:\wamp\www\FerreteriaVera\protected\controllers\SiteController.php(32): CController->render('index')
#16 C:\wamp\www\yii\framework\web\actions\CInlineAction.php(49): SiteController->actionIndex()
#17 C:\wamp\www\yii\framework\web\CController.php(308): CInlineAction->runWithParams(Array)
#18 C:\wamp\www\yii\framework\web\CController.php(286): CController->runAction(Object(CInlineAction))
#19 C:\wamp\www\yii\framework\web\CController.php(265): CController->runActionWithFilters(Object(CInlineAction), Array)
#20 C:\wamp\www\yii\framework\web\CWebApplication.php(282): CController->run('')
#21 C:\wamp\www\yii\framework\web\CWebApplication.php(141): CWebApplication->runController('')
#22 C:\wamp\www\yii\framework\base\CApplication.php(184): CWebApplication->processRequest()
#23 C:\wamp\www\FerreteriaVera\index.php(13): CApplication->run()
#24 {main}
REQUEST_URI=/FerreteriaVera/
---
2016/06/12 02:19:32 [error] [php] include(C:\wamp\www\FerreteriaVera\protected\extensions\dumpDB\dumpDB.php): failed to open stream: No such file or directory (C:\wamp\www\yii\framework\YiiBase.php:404)
Stack trace:
#0 C:\wamp\www\FerreteriaVera\protected\controllers\SiteController.php(33): spl_autoload_call()
#1 C:\wamp\www\yii\framework\web\actions\CInlineAction.php(49): SiteController->actionIndex()
#2 C:\wamp\www\yii\framework\web\CController.php(308): CInlineAction->runWithParams()
#3 C:\wamp\www\yii\framework\web\CController.php(286): SiteController->runAction()
#4 C:\wamp\www\yii\framework\web\CController.php(265): SiteController->runActionWithFilters()
#5 C:\wamp\www\yii\framework\web\CWebApplication.php(282): SiteController->run()
#6 C:\wamp\www\yii\framework\web\CWebApplication.php(141): CWebApplication->runController()
#7 C:\wamp\www\yii\framework\base\CApplication.php(184): CWebApplication->processRequest()
#8 C:\wamp\www\FerreteriaVera\index.php(13): CWebApplication->run()
REQUEST_URI=/FerreteriaVera/
in C:\wamp\www\FerreteriaVera\protected\controllers\SiteController.php (33)
in C:\wamp\www\FerreteriaVera\index.php (13)
2016/06/12 17:23:04 [error] [system.db.CDbCommand] CDbCommand::fetchAll() failed: SQLSTATE[42S02]: Base table or view not found: 1146 Table 'ferreteriavera.backuobd' doesn't exist. The SQL statement executed was: SHOW FULL COLUMNS FROM `backuobd`.
in C:\wamp\www\FerreteriaVera\index.php (13)
2016/06/12 17:23:12 [error] [system.db.CDbCommand] CDbCommand::fetchAll() failed: SQLSTATE[42S02]: Base table or view not found: 1146 Table 'ferreteriavera.backupbd' doesn't exist. The SQL statement executed was: SHOW FULL COLUMNS FROM `backupbd`.
in C:\wamp\www\FerreteriaVera\index.php (13)
2016/06/12 17:31:15 [error] [php] Creating default object from empty value (C:\wamp\www\FerreteriaVera\protected\components\UserIdentity.php:15)
Stack trace:
#0 C:\wamp\www\yii\framework\validators\CValidator.php(201): CInlineValidator->validateAttribute()
#1 C:\wamp\www\yii\framework\base\CModel.php(159): CInlineValidator->validate()
#2 C:\wamp\www\FerreteriaVera\protected\controllers\SiteController.php(96): LoginForm->validate()
#3 C:\wamp\www\yii\framework\web\actions\CInlineAction.php(49): SiteController->actionLogin()
#4 C:\wamp\www\yii\framework\web\CController.php(308): CInlineAction->runWithParams()
#5 C:\wamp\www\yii\framework\web\CController.php(286): SiteController->runAction()
#6 C:\wamp\www\yii\framework\web\CController.php(265): SiteController->runActionWithFilters()
#7 C:\wamp\www\yii\framework\web\CWebApplication.php(282): SiteController->run()
#8 C:\wamp\www\yii\framework\web\CWebApplication.php(141): CWebApplication->runController()
#9 C:\wamp\www\yii\framework\base\CApplication.php(184): CWebApplication->processRequest()
#10 C:\wamp\www\FerreteriaVera\index.php(13): CWebApplication->run()
REQUEST_URI=/FerreteriaVera/index.php/site/login
in C:\wamp\www\FerreteriaVera\protected\components\UserIdentity.php (15)
in C:\wamp\www\FerreteriaVera\protected\models\LoginForm.php (52)
in C:\wamp\www\FerreteriaVera\protected\controllers\SiteController.php (96)
2016/06/12 17:32:16 [error] [php] Creating default object from empty value (C:\wamp\www\FerreteriaVera\protected\components\UserIdentity.php:15)
Stack trace:
#0 C:\wamp\www\yii\framework\validators\CValidator.php(201): CInlineValidator->validateAttribute()
#1 C:\wamp\www\yii\framework\base\CModel.php(159): CInlineValidator->validate()
#2 C:\wamp\www\FerreteriaVera\protected\controllers\SiteController.php(96): LoginForm->validate()
#3 C:\wamp\www\yii\framework\web\actions\CInlineAction.php(49): SiteController->actionLogin()
#4 C:\wamp\www\yii\framework\web\CController.php(308): CInlineAction->runWithParams()
#5 C:\wamp\www\yii\framework\web\CController.php(286): SiteController->runAction()
#6 C:\wamp\www\yii\framework\web\CController.php(265): SiteController->runActionWithFilters()
#7 C:\wamp\www\yii\framework\web\CWebApplication.php(282): SiteController->run()
#8 C:\wamp\www\yii\framework\web\CWebApplication.php(141): CWebApplication->runController()
#9 C:\wamp\www\yii\framework\base\CApplication.php(184): CWebApplication->processRequest()
#10 C:\wamp\www\FerreteriaVera\index.php(13): CWebApplication->run()
REQUEST_URI=/FerreteriaVera/index.php/site/login
in C:\wamp\www\FerreteriaVera\protected\components\UserIdentity.php (15)
in C:\wamp\www\FerreteriaVera\protected\models\LoginForm.php (52)
in C:\wamp\www\FerreteriaVera\protected\controllers\SiteController.php (96)
2016/06/12 17:33:22 [error] [php] Creating default object from empty value (C:\wamp\www\FerreteriaVera\protected\components\UserIdentity.php:15)
Stack trace:
#0 C:\wamp\www\yii\framework\validators\CValidator.php(201): CInlineValidator->validateAttribute()
#1 C:\wamp\www\yii\framework\base\CModel.php(159): CInlineValidator->validate()
#2 C:\wamp\www\FerreteriaVera\protected\controllers\SiteController.php(96): LoginForm->validate()
#3 C:\wamp\www\yii\framework\web\actions\CInlineAction.php(49): SiteController->actionLogin()
#4 C:\wamp\www\yii\framework\web\CController.php(308): CInlineAction->runWithParams()
#5 C:\wamp\www\yii\framework\web\CController.php(286): SiteController->runAction()
#6 C:\wamp\www\yii\framework\web\CController.php(265): SiteController->runActionWithFilters()
#7 C:\wamp\www\yii\framework\web\CWebApplication.php(282): SiteController->run()
#8 C:\wamp\www\yii\framework\web\CWebApplication.php(141): CWebApplication->runController()
#9 C:\wamp\www\yii\framework\base\CApplication.php(184): CWebApplication->processRequest()
#10 C:\wamp\www\FerreteriaVera\index.php(13): CWebApplication->run()
REQUEST_URI=/FerreteriaVera/index.php/site/login
in C:\wamp\www\FerreteriaVera\protected\components\UserIdentity.php (15)
in C:\wamp\www\FerreteriaVera\protected\models\LoginForm.php (52)
in C:\wamp\www\FerreteriaVera\protected\controllers\SiteController.php (96)
2016/06/12 17:57:10 [error] [php] Creating default object from empty value (C:\wamp\www\FerreteriaVera\protected\components\UserIdentity.php:15)
Stack trace:
#0 C:\wamp\www\yii\framework\validators\CValidator.php(201): CInlineValidator->validateAttribute()
#1 C:\wamp\www\yii\framework\base\CModel.php(159): CInlineValidator->validate()
#2 C:\wamp\www\FerreteriaVera\protected\controllers\SiteController.php(96): LoginForm->validate()
#3 C:\wamp\www\yii\framework\web\actions\CInlineAction.php(49): SiteController->actionLogin()
#4 C:\wamp\www\yii\framework\web\CController.php(308): CInlineAction->runWithParams()
#5 C:\wamp\www\yii\framework\web\CController.php(286): SiteController->runAction()
#6 C:\wamp\www\yii\framework\web\CController.php(265): SiteController->runActionWithFilters()
#7 C:\wamp\www\yii\framework\web\CWebApplication.php(282): SiteController->run()
#8 C:\wamp\www\yii\framework\web\CWebApplication.php(141): CWebApplication->runController()
#9 C:\wamp\www\yii\framework\base\CApplication.php(184): CWebApplication->processRequest()
#10 C:\wamp\www\FerreteriaVera\index.php(13): CWebApplication->run()
REQUEST_URI=/FerreteriaVera/index.php/site/login
in C:\wamp\www\FerreteriaVera\protected\components\UserIdentity.php (15)
in C:\wamp\www\FerreteriaVera\protected\models\LoginForm.php (52)
in C:\wamp\www\FerreteriaVera\protected\controllers\SiteController.php (96)
2016/06/12 18:09:27 [error] [php] Creating default object from empty value (C:\wamp\www\FerreteriaVera\protected\components\UserIdentity.php:15)
Stack trace:
#0 C:\wamp\www\yii\framework\validators\CValidator.php(201): CInlineValidator->validateAttribute()
#1 C:\wamp\www\yii\framework\base\CModel.php(159): CInlineValidator->validate()
#2 C:\wamp\www\FerreteriaVera\protected\controllers\SiteController.php(96): LoginForm->validate()
#3 C:\wamp\www\yii\framework\web\actions\CInlineAction.php(49): SiteController->actionLogin()
#4 C:\wamp\www\yii\framework\web\CController.php(308): CInlineAction->runWithParams()
#5 C:\wamp\www\yii\framework\web\CController.php(286): SiteController->runAction()
#6 C:\wamp\www\yii\framework\web\CController.php(265): SiteController->runActionWithFilters()
#7 C:\wamp\www\yii\framework\web\CWebApplication.php(282): SiteController->run()
#8 C:\wamp\www\yii\framework\web\CWebApplication.php(141): CWebApplication->runController()
#9 C:\wamp\www\yii\framework\base\CApplication.php(184): CWebApplication->processRequest()
#10 C:\wamp\www\FerreteriaVera\index.php(13): CWebApplication->run()
REQUEST_URI=/FerreteriaVera/index.php/site/login
in C:\wamp\www\FerreteriaVera\protected\components\UserIdentity.php (15)
in C:\wamp\www\FerreteriaVera\protected\models\LoginForm.php (52)
in C:\wamp\www\FerreteriaVera\protected\controllers\SiteController.php (96)
2016/06/12 18:10:34 [error] [php] Undefined variable: update (C:\wamp\www\FerreteriaVera\protected\views\usuario\_form.php:18)
Stack trace:
#0 C:\wamp\www\yii\framework\web\CController.php(869): UsuarioController->renderFile()
#1 C:\wamp\www\FerreteriaVera\protected\views\usuario\create.php(23): UsuarioController->renderPartial()
#2 C:\wamp\www\yii\framework\web\CBaseController.php(126): require()
#3 C:\wamp\www\yii\framework\web\CBaseController.php(95): UsuarioController->renderInternal()
#4 C:\wamp\www\yii\framework\web\CController.php(869): UsuarioController->renderFile()
#5 C:\wamp\www\yii\framework\web\CController.php(782): UsuarioController->renderPartial()
#6 C:\wamp\www\FerreteriaVera\protected\controllers\UsuarioController.php(123): UsuarioController->render()
#7 C:\wamp\www\yii\framework\web\actions\CInlineAction.php(49): UsuarioController->actionCreate()
#8 C:\wamp\www\yii\framework\web\CController.php(308): CInlineAction->runWithParams()
#9 C:\wamp\www\yii\framework\web\filters\CFilterChain.php(133): UsuarioController->runAction()
#10 C:\wamp\www\yii\framework\web\filters\CFilter.php(40): CFilterChain->run()
#11 C:\wamp\www\yii\framework\web\CController.php(1145): CAccessControlFilter->filter()
#12 C:\wamp\www\yii\framework\web\filters\CInlineFilter.php(58): UsuarioController->filterAccessControl()
#13 C:\wamp\www\yii\framework\web\filters\CFilterChain.php(130): CInlineFilter->filter()
#14 C:\wamp\www\yii\framework\web\CController.php(291): CFilterChain->run()
#15 C:\wamp\www\yii\framework\web\CController.php(265): UsuarioController->runActionWithFilters()
#16 C:\wamp\www\yii\framework\web\CWebApplication.php(282): UsuarioController->run()
#17 C:\wamp\www\yii\framework\web\CWebApplication.php(141): CWebApplication->runController()
#18 C:\wamp\www\yii\framework\base\CApplication.php(184): CWebApplication->processRequest()
#19 C:\wamp\www\FerreteriaVera\index.php(13): CWebApplication->run()
REQUEST_URI=/FerreteriaVera/index.php/usuario/create
in C:\wamp\www\FerreteriaVera\protected\views\usuario\_form.php (18)
in C:\wamp\www\FerreteriaVera\protected\views\usuario\create.php (23)
in C:\wamp\www\FerreteriaVera\protected\controllers\UsuarioController.php (123)
2016/06/12 18:11:18 [error] [exception.CException] exception 'CException' with message 'Property "Persona.tipo_dni" is not defined.' in C:\wamp\www\yii\framework\base\CComponent.php:130
Stack trace:
#0 C:\wamp\www\yii\framework\db\ar\CActiveRecord.php(145): CComponent->__get('tipo_dni')
#1 C:\wamp\www\yii\framework\web\helpers\CHtml.php(2728): CActiveRecord->__get('tipo_dni')
#2 C:\wamp\www\yii\framework\web\helpers\CHtml.php(1981): CHtml::resolveValue(Object(Persona), 'tipo_dni')
#3 C:\wamp\www\yii\framework\web\widgets\CActiveForm.php(914): CHtml::activeDropDownList(Object(Persona), 'tipo_dni', Array, Array)
#4 [internal function]: CActiveForm->dropDownList(Object(Persona), 'tipo_dni', Array, Array)
#5 C:\wamp\www\FerreteriaVera\protected\extensions\booster\widgets\TbActiveForm.php(1293): call_user_func_array(Array, Array)
#6 C:\wamp\www\FerreteriaVera\protected\extensions\booster\widgets\TbActiveForm.php(1152): TbActiveForm->verticalGroup(Array, Object(Persona), 'tipo_dni', Array)
#7 C:\wamp\www\FerreteriaVera\protected\extensions\booster\widgets\TbActiveForm.php(627): TbActiveForm->customFieldGroupInternal(Array, Object(Persona), 'tipo_dni', Array)
#8 C:\wamp\www\FerreteriaVera\protected\views\usuario\_form.php(41): TbActiveForm->dropDownListGroup(Object(Persona), 'tipo_dni', Array)
#9 C:\wamp\www\yii\framework\web\CBaseController.php(126): require('C:\\wamp\\www\\Fer...')
#10 C:\wamp\www\yii\framework\web\CBaseController.php(95): CBaseController->renderInternal('C:\\wamp\\www\\Fer...', Array, true)
#11 C:\wamp\www\yii\framework\web\CController.php(869): CBaseController->renderFile('C:\\wamp\\www\\Fer...', Array, true)
#12 C:\wamp\www\FerreteriaVera\protected\views\usuario\create.php(23): CController->renderPartial('_form', Array)
#13 C:\wamp\www\yii\framework\web\CBaseController.php(126): require('C:\\wamp\\www\\Fer...')
#14 C:\wamp\www\yii\framework\web\CBaseController.php(95): CBaseController->renderInternal('C:\\wamp\\www\\Fer...', Array, true)
#15 C:\wamp\www\yii\framework\web\CController.php(869): CBaseController->renderFile('C:\\wamp\\www\\Fer...', Array, true)
#16 C:\wamp\www\yii\framework\web\CController.php(782): CController->renderPartial('create', Array, true)
#17 C:\wamp\www\FerreteriaVera\protected\controllers\UsuarioController.php(123): CController->render('create', Array)
#18 C:\wamp\www\yii\framework\web\actions\CInlineAction.php(49): UsuarioController->actionCreate()
#19 C:\wamp\www\yii\framework\web\CController.php(308): CInlineAction->runWithParams(Array)
#20 C:\wamp\www\yii\framework\web\filters\CFilterChain.php(133): CController->runAction(Object(CInlineAction))
#21 C:\wamp\www\yii\framework\web\filters\CFilter.php(40): CFilterChain->run()
#22 C:\wamp\www\yii\framework\web\CController.php(1145): CFilter->filter(Object(CFilterChain))
#23 C:\wamp\www\yii\framework\web\filters\CInlineFilter.php(58): CController->filterAccessControl(Object(CFilterChain))
#24 C:\wamp\www\yii\framework\web\filters\CFilterChain.php(130): CInlineFilter->filter(Object(CFilterChain))
#25 C:\wamp\www\yii\framework\web\CController.php(291): CFilterChain->run()
#26 C:\wamp\www\yii\framework\web\CController.php(265): CController->runActionWithFilters(Object(CInlineAction), Array)
#27 C:\wamp\www\yii\framework\web\CWebApplication.php(282): CController->run('create')
#28 C:\wamp\www\yii\framework\web\CWebApplication.php(141): CWebApplication->runController('usuario/create')
#29 C:\wamp\www\yii\framework\base\CApplication.php(184): CWebApplication->processRequest()
#30 C:\wamp\www\FerreteriaVera\index.php(13): CApplication->run()
#31 {main}
REQUEST_URI=/FerreteriaVera/index.php/usuario/create
---
2016/06/12 18:11:31 [error] [exception.CException] exception 'CException' with message 'Property "Persona.telefono" is not defined.' in C:\wamp\www\yii\framework\base\CComponent.php:130
Stack trace:
#0 C:\wamp\www\yii\framework\db\ar\CActiveRecord.php(145): CComponent->__get('telefono')
#1 C:\wamp\www\yii\framework\web\helpers\CHtml.php(2728): CActiveRecord->__get('telefono')
#2 C:\wamp\www\yii\framework\web\helpers\CHtml.php(2451): CHtml::resolveValue(Object(Persona), 'telefono')
#3 C:\wamp\www\yii\framework\web\helpers\CHtml.php(1533): CHtml::activeInputField('text', Object(Persona), 'telefono', Array)
#4 C:\wamp\www\yii\framework\web\widgets\CActiveForm.php(792): CHtml::activeTextField(Object(Persona), 'telefono', Array)
#5 [internal function]: CActiveForm->textField(Object(Persona), 'telefono', Array)
#6 C:\wamp\www\FerreteriaVera\protected\extensions\booster\widgets\TbActiveForm.php(1293): call_user_func_array(Array, Array)
#7 C:\wamp\www\FerreteriaVera\protected\extensions\booster\widgets\TbActiveForm.php(1152): TbActiveForm->verticalGroup(Array, Object(Persona), 'telefono', Array)
#8 C:\wamp\www\FerreteriaVera\protected\extensions\booster\widgets\TbActiveForm.php(389): TbActiveForm->customFieldGroupInternal(Array, Object(Persona), 'telefono', Array)
#9 C:\wamp\www\FerreteriaVera\protected\views\usuario\_form.php(57): TbActiveForm->textFieldGroup(Object(Persona), 'telefono', Array)
#10 C:\wamp\www\yii\framework\web\CBaseController.php(126): require('C:\\wamp\\www\\Fer...')
#11 C:\wamp\www\yii\framework\web\CBaseController.php(95): CBaseController->renderInternal('C:\\wamp\\www\\Fer...', Array, true)
#12 C:\wamp\www\yii\framework\web\CController.php(869): CBaseController->renderFile('C:\\wamp\\www\\Fer...', Array, true)
#13 C:\wamp\www\FerreteriaVera\protected\views\usuario\create.php(23): CController->renderPartial('_form', Array)
#14 C:\wamp\www\yii\framework\web\CBaseController.php(126): require('C:\\wamp\\www\\Fer...')
#15 C:\wamp\www\yii\framework\web\CBaseController.php(95): CBaseController->renderInternal('C:\\wamp\\www\\Fer...', Array, true)
#16 C:\wamp\www\yii\framework\web\CController.php(869): CBaseController->renderFile('C:\\wamp\\www\\Fer...', Array, true)
#17 C:\wamp\www\yii\framework\web\CController.php(782): CController->renderPartial('create', Array, true)
#18 C:\wamp\www\FerreteriaVera\protected\controllers\UsuarioController.php(123): CController->render('create', Array)
#19 C:\wamp\www\yii\framework\web\actions\CInlineAction.php(49): UsuarioController->actionCreate()
#20 C:\wamp\www\yii\framework\web\CController.php(308): CInlineAction->runWithParams(Array)
#21 C:\wamp\www\yii\framework\web\filters\CFilterChain.php(133): CController->runAction(Object(CInlineAction))
#22 C:\wamp\www\yii\framework\web\filters\CFilter.php(40): CFilterChain->run()
#23 C:\wamp\www\yii\framework\web\CController.php(1145): CFilter->filter(Object(CFilterChain))
#24 C:\wamp\www\yii\framework\web\filters\CInlineFilter.php(58): CController->filterAccessControl(Object(CFilterChain))
#25 C:\wamp\www\yii\framework\web\filters\CFilterChain.php(130): CInlineFilter->filter(Object(CFilterChain))
#26 C:\wamp\www\yii\framework\web\CController.php(291): CFilterChain->run()
#27 C:\wamp\www\yii\framework\web\CController.php(265): CController->runActionWithFilters(Object(CInlineAction), Array)
#28 C:\wamp\www\yii\framework\web\CWebApplication.php(282): CController->run('create')
#29 C:\wamp\www\yii\framework\web\CWebApplication.php(141): CWebApplication->runController('usuario/create')
#30 C:\wamp\www\yii\framework\base\CApplication.php(184): CWebApplication->processRequest()
#31 C:\wamp\www\FerreteriaVera\index.php(13): CApplication->run()
#32 {main}
REQUEST_URI=/FerreteriaVera/index.php/usuario/create
---
2016/06/13 13:58:33 [error] [php] Creating default object from empty value (C:\wamp\www\FerreteriaVera\protected\components\UserIdentity.php:15)
Stack trace:
#0 C:\wamp\www\yii\framework\validators\CValidator.php(201): CInlineValidator->validateAttribute()
#1 C:\wamp\www\yii\framework\base\CModel.php(159): CInlineValidator->validate()
#2 C:\wamp\www\FerreteriaVera\protected\controllers\SiteController.php(96): LoginForm->validate()
#3 C:\wamp\www\yii\framework\web\actions\CInlineAction.php(49): SiteController->actionLogin()
#4 C:\wamp\www\yii\framework\web\CController.php(308): CInlineAction->runWithParams()
#5 C:\wamp\www\yii\framework\web\CController.php(286): SiteController->runAction()
#6 C:\wamp\www\yii\framework\web\CController.php(265): SiteController->runActionWithFilters()
#7 C:\wamp\www\yii\framework\web\CWebApplication.php(282): SiteController->run()
#8 C:\wamp\www\yii\framework\web\CWebApplication.php(141): CWebApplication->runController()
#9 C:\wamp\www\yii\framework\base\CApplication.php(184): CWebApplication->processRequest()
#10 C:\wamp\www\FerreteriaVera\index.php(13): CWebApplication->run()
REQUEST_URI=/FerreteriaVera/index.php/site/login
in C:\wamp\www\FerreteriaVera\protected\components\UserIdentity.php (15)
in C:\wamp\www\FerreteriaVera\protected\models\LoginForm.php (52)
in C:\wamp\www\FerreteriaVera\protected\controllers\SiteController.php (96)
2016/06/13 14:03:07 [error] [php] Undefined variable: model (C:\wamp\www\FerreteriaVera\protected\views\site\login.php:29)
Stack trace:
#0 C:\wamp\www\yii\framework\web\CController.php(869): SiteController->renderFile()
#1 C:\wamp\www\yii\framework\web\CController.php(782): SiteController->renderPartial()
#2 C:\wamp\www\FerreteriaVera\protected\controllers\SiteController.php(100): SiteController->render()
#3 C:\wamp\www\yii\framework\web\actions\CInlineAction.php(49): SiteController->actionLogin()
#4 C:\wamp\www\yii\framework\web\CController.php(308): CInlineAction->runWithParams()
#5 C:\wamp\www\yii\framework\web\CController.php(286): SiteController->runAction()
#6 C:\wamp\www\yii\framework\web\CController.php(265): SiteController->runActionWithFilters()
#7 C:\wamp\www\yii\framework\web\CWebApplication.php(282): SiteController->run()
#8 C:\wamp\www\yii\framework\web\CWebApplication.php(141): CWebApplication->runController()
#9 C:\wamp\www\yii\framework\base\CApplication.php(184): CWebApplication->processRequest()
#10 C:\wamp\www\FerreteriaVera\index.php(13): CWebApplication->run()
REQUEST_URI=/FerreteriaVera/index.php/site/login
in C:\wamp\www\FerreteriaVera\protected\views\site\login.php (29)
in C:\wamp\www\FerreteriaVera\protected\controllers\SiteController.php (100)
in C:\wamp\www\FerreteriaVera\index.php (13)
2016/06/13 14:04:42 [error] [exception.CException] exception 'CException' with message 'Property "Usuario.username" is not defined.' in C:\wamp\www\yii\framework\base\CComponent.php:130
Stack trace:
#0 C:\wamp\www\yii\framework\db\ar\CActiveRecord.php(145): CComponent->__get('username')
#1 C:\wamp\www\yii\framework\web\helpers\CHtml.php(2728): CActiveRecord->__get('username')
#2 C:\wamp\www\yii\framework\web\helpers\CHtml.php(2451): CHtml::resolveValue(Object(Usuario), 'username')
#3 C:\wamp\www\yii\framework\web\helpers\CHtml.php(1533): CHtml::activeInputField('text', Object(Usuario), 'username', Array)
#4 C:\wamp\www\yii\framework\web\widgets\CActiveForm.php(792): CHtml::activeTextField(Object(Usuario), 'username', Array)
#5 C:\wamp\www\FerreteriaVera\protected\views\site\login.php(30): CActiveForm->textField(Object(Usuario), 'username')
#6 C:\wamp\www\yii\framework\web\CBaseController.php(126): require('C:\\wamp\\www\\Fer...')
#7 C:\wamp\www\yii\framework\web\CBaseController.php(95): CBaseController->renderInternal('C:\\wamp\\www\\Fer...', Array, true)
#8 C:\wamp\www\yii\framework\web\CController.php(869): CBaseController->renderFile('C:\\wamp\\www\\Fer...', Array, true)
#9 C:\wamp\www\yii\framework\web\CController.php(782): CController->renderPartial('login', Array, true)
#10 C:\wamp\www\FerreteriaVera\protected\controllers\SiteController.php(100): CController->render('login', Array)
#11 C:\wamp\www\yii\framework\web\actions\CInlineAction.php(49): SiteController->actionLogin()
#12 C:\wamp\www\yii\framework\web\CController.php(308): CInlineAction->runWithParams(Array)
#13 C:\wamp\www\yii\framework\web\CController.php(286): CController->runAction(Object(CInlineAction))
#14 C:\wamp\www\yii\framework\web\CController.php(265): CController->runActionWithFilters(Object(CInlineAction), Array)
#15 C:\wamp\www\yii\framework\web\CWebApplication.php(282): CController->run('login')
#16 C:\wamp\www\yii\framework\web\CWebApplication.php(141): CWebApplication->runController('site/login')
#17 C:\wamp\www\yii\framework\base\CApplication.php(184): CWebApplication->processRequest()
#18 C:\wamp\www\FerreteriaVera\index.php(13): CApplication->run()
#19 {main}
REQUEST_URI=/FerreteriaVera/index.php/site/login
HTTP_REFERER=http://localhost/FerreteriaVera/index.php/site/login
---
2016/06/13 14:05:24 [error] [exception.CException] exception 'CException' with message 'Property "Usuario.username" is not defined.' in C:\wamp\www\yii\framework\base\CComponent.php:130
Stack trace:
#0 C:\wamp\www\yii\framework\db\ar\CActiveRecord.php(145): CComponent->__get('username')
#1 C:\wamp\www\yii\framework\web\helpers\CHtml.php(2728): CActiveRecord->__get('username')
#2 C:\wamp\www\yii\framework\web\helpers\CHtml.php(2451): CHtml::resolveValue(Object(Usuario), 'username')
#3 C:\wamp\www\yii\framework\web\helpers\CHtml.php(1533): CHtml::activeInputField('text', Object(Usuario), 'username', Array)
#4 C:\wamp\www\yii\framework\web\widgets\CActiveForm.php(792): CHtml::activeTextField(Object(Usuario), 'username', Array)
#5 C:\wamp\www\FerreteriaVera\protected\views\site\login.php(30): CActiveForm->textField(Object(Usuario), 'username')
#6 C:\wamp\www\yii\framework\web\CBaseController.php(126): require('C:\\wamp\\www\\Fer...')
#7 C:\wamp\www\yii\framework\web\CBaseController.php(95): CBaseController->renderInternal('C:\\wamp\\www\\Fer...', Array, true)
#8 C:\wamp\www\yii\framework\web\CController.php(869): CBaseController->renderFile('C:\\wamp\\www\\Fer...', Array, true)
#9 C:\wamp\www\yii\framework\web\CController.php(782): CController->renderPartial('login', Array, true)
#10 C:\wamp\www\FerreteriaVera\protected\controllers\SiteController.php(100): CController->render('login', Array)
#11 C:\wamp\www\yii\framework\web\actions\CInlineAction.php(49): SiteController->actionLogin()
#12 C:\wamp\www\yii\framework\web\CController.php(308): CInlineAction->runWithParams(Array)
#13 C:\wamp\www\yii\framework\web\CController.php(286): CController->runAction(Object(CInlineAction))
#14 C:\wamp\www\yii\framework\web\CController.php(265): CController->runActionWithFilters(Object(CInlineAction), Array)
#15 C:\wamp\www\yii\framework\web\CWebApplication.php(282): CController->run('login')
#16 C:\wamp\www\yii\framework\web\CWebApplication.php(141): CWebApplication->runController('site/login')
#17 C:\wamp\www\yii\framework\base\CApplication.php(184): CWebApplication->processRequest()
#18 C:\wamp\www\FerreteriaVera\index.php(13): CApplication->run()
#19 {main}
REQUEST_URI=/FerreteriaVera/index.php/site/login
HTTP_REFERER=http://localhost/FerreteriaVera/index.php/site/login
---
2016/06/13 14:06:01 [error] [exception.CException] exception 'CException' with message 'Property "Usuario.username" is not defined.' in C:\wamp\www\yii\framework\base\CComponent.php:130
Stack trace:
#0 C:\wamp\www\yii\framework\db\ar\CActiveRecord.php(145): CComponent->__get('username')
#1 C:\wamp\www\yii\framework\web\helpers\CHtml.php(2728): CActiveRecord->__get('username')
#2 C:\wamp\www\yii\framework\web\helpers\CHtml.php(2451): CHtml::resolveValue(Object(Usuario), 'username')
#3 C:\wamp\www\yii\framework\web\helpers\CHtml.php(1533): CHtml::activeInputField('text', Object(Usuario), 'username', Array)
#4 C:\wamp\www\yii\framework\web\widgets\CActiveForm.php(792): CHtml::activeTextField(Object(Usuario), 'username', Array)
#5 C:\wamp\www\FerreteriaVera\protected\views\site\login.php(30): CActiveForm->textField(Object(Usuario), 'username')
#6 C:\wamp\www\yii\framework\web\CBaseController.php(126): require('C:\\wamp\\www\\Fer...')
#7 C:\wamp\www\yii\framework\web\CBaseController.php(95): CBaseController->renderInternal('C:\\wamp\\www\\Fer...', Array, true)
#8 C:\wamp\www\yii\framework\web\CController.php(869): CBaseController->renderFile('C:\\wamp\\www\\Fer...', Array, true)
#9 C:\wamp\www\yii\framework\web\CController.php(782): CController->renderPartial('login', Array, true)
#10 C:\wamp\www\FerreteriaVera\protected\controllers\SiteController.php(100): CController->render('login', Array)
#11 C:\wamp\www\yii\framework\web\actions\CInlineAction.php(49): SiteController->actionLogin()
#12 C:\wamp\www\yii\framework\web\CController.php(308): CInlineAction->runWithParams(Array)
#13 C:\wamp\www\yii\framework\web\CController.php(286): CController->runAction(Object(CInlineAction))
#14 C:\wamp\www\yii\framework\web\CController.php(265): CController->runActionWithFilters(Object(CInlineAction), Array)
#15 C:\wamp\www\yii\framework\web\CWebApplication.php(282): CController->run('login')
#16 C:\wamp\www\yii\framework\web\CWebApplication.php(141): CWebApplication->runController('site/login')
#17 C:\wamp\www\yii\framework\base\CApplication.php(184): CWebApplication->processRequest()
#18 C:\wamp\www\FerreteriaVera\index.php(13): CApplication->run()
#19 {main}
REQUEST_URI=/FerreteriaVera/index.php/site/login
HTTP_REFERER=http://localhost/FerreteriaVera/index.php/site/login
---
2016/06/13 14:06:04 [error] [exception.CException] exception 'CException' with message 'Property "Usuario.username" is not defined.' in C:\wamp\www\yii\framework\base\CComponent.php:130
Stack trace:
#0 C:\wamp\www\yii\framework\db\ar\CActiveRecord.php(145): CComponent->__get('username')
#1 C:\wamp\www\yii\framework\web\helpers\CHtml.php(2728): CActiveRecord->__get('username')
#2 C:\wamp\www\yii\framework\web\helpers\CHtml.php(2451): CHtml::resolveValue(Object(Usuario), 'username')
#3 C:\wamp\www\yii\framework\web\helpers\CHtml.php(1533): CHtml::activeInputField('text', Object(Usuario), 'username', Array)
#4 C:\wamp\www\yii\framework\web\widgets\CActiveForm.php(792): CHtml::activeTextField(Object(Usuario), 'username', Array)
#5 C:\wamp\www\FerreteriaVera\protected\views\site\login.php(30): CActiveForm->textField(Object(Usuario), 'username')
#6 C:\wamp\www\yii\framework\web\CBaseController.php(126): require('C:\\wamp\\www\\Fer...')
#7 C:\wamp\www\yii\framework\web\CBaseController.php(95): CBaseController->renderInternal('C:\\wamp\\www\\Fer...', Array, true)
#8 C:\wamp\www\yii\framework\web\CController.php(869): CBaseController->renderFile('C:\\wamp\\www\\Fer...', Array, true)
#9 C:\wamp\www\yii\framework\web\CController.php(782): CController->renderPartial('login', Array, true)
#10 C:\wamp\www\FerreteriaVera\protected\controllers\SiteController.php(100): CController->render('login', Array)
#11 C:\wamp\www\yii\framework\web\actions\CInlineAction.php(49): SiteController->actionLogin()
#12 C:\wamp\www\yii\framework\web\CController.php(308): CInlineAction->runWithParams(Array)
#13 C:\wamp\www\yii\framework\web\CController.php(286): CController->runAction(Object(CInlineAction))
#14 C:\wamp\www\yii\framework\web\CController.php(265): CController->runActionWithFilters(Object(CInlineAction), Array)
#15 C:\wamp\www\yii\framework\web\CWebApplication.php(282): CController->run('login')
#16 C:\wamp\www\yii\framework\web\CWebApplication.php(141): CWebApplication->runController('site/login')
#17 C:\wamp\www\yii\framework\base\CApplication.php(184): CWebApplication->processRequest()
#18 C:\wamp\www\FerreteriaVera\index.php(13): CApplication->run()
#19 {main}
REQUEST_URI=/FerreteriaVera/index.php/site/login
---
2016/06/13 14:06:06 [error] [exception.CException] exception 'CException' with message 'Property "Usuario.username" is not defined.' in C:\wamp\www\yii\framework\base\CComponent.php:130
Stack trace:
#0 C:\wamp\www\yii\framework\db\ar\CActiveRecord.php(145): CComponent->__get('username')
#1 C:\wamp\www\yii\framework\web\helpers\CHtml.php(2728): CActiveRecord->__get('username')
#2 C:\wamp\www\yii\framework\web\helpers\CHtml.php(2451): CHtml::resolveValue(Object(Usuario), 'username')
#3 C:\wamp\www\yii\framework\web\helpers\CHtml.php(1533): CHtml::activeInputField('text', Object(Usuario), 'username', Array)
#4 C:\wamp\www\yii\framework\web\widgets\CActiveForm.php(792): CHtml::activeTextField(Object(Usuario), 'username', Array)
#5 C:\wamp\www\FerreteriaVera\protected\views\site\login.php(30): CActiveForm->textField(Object(Usuario), 'username')
#6 C:\wamp\www\yii\framework\web\CBaseController.php(126): require('C:\\wamp\\www\\Fer...')
#7 C:\wamp\www\yii\framework\web\CBaseController.php(95): CBaseController->renderInternal('C:\\wamp\\www\\Fer...', Array, true)
#8 C:\wamp\www\yii\framework\web\CController.php(869): CBaseController->renderFile('C:\\wamp\\www\\Fer...', Array, true)
#9 C:\wamp\www\yii\framework\web\CController.php(782): CController->renderPartial('login', Array, true)
#10 C:\wamp\www\FerreteriaVera\protected\controllers\SiteController.php(100): CController->render('login', Array)
#11 C:\wamp\www\yii\framework\web\actions\CInlineAction.php(49): SiteController->actionLogin()
#12 C:\wamp\www\yii\framework\web\CController.php(308): CInlineAction->runWithParams(Array)
#13 C:\wamp\www\yii\framework\web\CController.php(286): CController->runAction(Object(CInlineAction))
#14 C:\wamp\www\yii\framework\web\CController.php(265): CController->runActionWithFilters(Object(CInlineAction), Array)
#15 C:\wamp\www\yii\framework\web\CWebApplication.php(282): CController->run('login')
#16 C:\wamp\www\yii\framework\web\CWebApplication.php(141): CWebApplication->runController('site/login')
#17 C:\wamp\www\yii\framework\base\CApplication.php(184): CWebApplication->processRequest()
#18 C:\wamp\www\FerreteriaVera\index.php(13): CApplication->run()
#19 {main}
REQUEST_URI=/FerreteriaVera/index.php/site/login
---
2016/06/13 14:17:38 [error] [exception.CException] exception 'CException' with message 'Property "CWebUser.isAdmin" is not defined.' in C:\wamp\www\yii\framework\base\CComponent.php:130
Stack trace:
#0 C:\wamp\www\yii\framework\web\auth\CWebUser.php(146): CComponent->__get('isAdmin')
#1 C:\wamp\www\FerreteriaVera\protected\views\layouts\main.php(136): CWebUser->__get('isAdmin')
#2 C:\wamp\www\yii\framework\web\CBaseController.php(126): require('C:\\wamp\\www\\Fer...')
#3 C:\wamp\www\yii\framework\web\CBaseController.php(95): CBaseController->renderInternal('C:\\wamp\\www\\Fer...', Array, true)
#4 C:\wamp\www\yii\framework\web\widgets\CContentDecorator.php(76): CBaseController->renderFile('C:\\wamp\\www\\Fer...', Array, true)
#5 C:\wamp\www\yii\framework\web\widgets\CContentDecorator.php(54): CContentDecorator->decorate('<div id="conten...')
#6 C:\wamp\www\yii\framework\web\widgets\COutputProcessor.php(44): CContentDecorator->processOutput('<div id="conten...')
#7 C:\wamp\www\yii\framework\web\CBaseController.php(214): COutputProcessor->run()
#8 C:\wamp\www\yii\framework\web\CBaseController.php(308): CBaseController->endWidget('CContentDecorat...')
#9 C:\wamp\www\FerreteriaVera\protected\views\layouts\column1.php(6): CBaseController->endContent()
#10 C:\wamp\www\yii\framework\web\CBaseController.php(126): require('C:\\wamp\\www\\Fer...')
#11 C:\wamp\www\yii\framework\web\CBaseController.php(95): CBaseController->renderInternal('C:\\wamp\\www\\Fer...', Array, true)
#12 C:\wamp\www\yii\framework\web\CController.php(784): CBaseController->renderFile('C:\\wamp\\www\\Fer...', Array, true)
#13 C:\wamp\www\FerreteriaVera\protected\controllers\SiteController.php(34): CController->render('index')
#14 C:\wamp\www\yii\framework\web\actions\CInlineAction.php(49): SiteController->actionIndex()
#15 C:\wamp\www\yii\framework\web\CController.php(308): CInlineAction->runWithParams(Array)
#16 C:\wamp\www\yii\framework\web\CController.php(286): CController->runAction(Object(CInlineAction))
#17 C:\wamp\www\yii\framework\web\CController.php(265): CController->runActionWithFilters(Object(CInlineAction), Array)
#18 C:\wamp\www\yii\framework\web\CWebApplication.php(282): CController->run('')
#19 C:\wamp\www\yii\framework\web\CWebApplication.php(141): CWebApplication->runController(false)
#20 C:\wamp\www\yii\framework\base\CApplication.php(184): CWebApplication->processRequest()
#21 C:\wamp\www\FerreteriaVera\index.php(13): CApplication->run()
#22 {main}
REQUEST_URI=/FerreteriaVera/index.php
HTTP_REFERER=http://localhost/FerreteriaVera/index.php/site/login
---
2016/06/13 14:40:58 [error] [exception.CException] exception 'CException' with message 'CWebUser and its behaviors do not have a method or closure named "name".' in C:\wamp\www\yii\framework\base\CComponent.php:266
Stack trace:
#0 C:\wamp\www\FerreteriaVera\protected\views\layouts\main.php(83): CComponent->__call('name', Array)
#1 C:\wamp\www\FerreteriaVera\protected\views\layouts\main.php(83): CWebUser->name()
#2 C:\wamp\www\yii\framework\web\CBaseController.php(126): require('C:\\wamp\\www\\Fer...')
#3 C:\wamp\www\yii\framework\web\CBaseController.php(95): CBaseController->renderInternal('C:\\wamp\\www\\Fer...', Array, true)
#4 C:\wamp\www\yii\framework\web\widgets\CContentDecorator.php(76): CBaseController->renderFile('C:\\wamp\\www\\Fer...', Array, true)
#5 C:\wamp\www\yii\framework\web\widgets\CContentDecorator.php(54): CContentDecorator->decorate('<div id="conten...')
#6 C:\wamp\www\yii\framework\web\widgets\COutputProcessor.php(44): CContentDecorator->processOutput('<div id="conten...')
#7 C:\wamp\www\yii\framework\web\CBaseController.php(214): COutputProcessor->run()
#8 C:\wamp\www\yii\framework\web\CBaseController.php(308): CBaseController->endWidget('CContentDecorat...')
#9 C:\wamp\www\FerreteriaVera\protected\views\layouts\column1.php(6): CBaseController->endContent()
#10 C:\wamp\www\yii\framework\web\CBaseController.php(126): require('C:\\wamp\\www\\Fer...')
#11 C:\wamp\www\yii\framework\web\CBaseController.php(95): CBaseController->renderInternal('C:\\wamp\\www\\Fer...', Array, true)
#12 C:\wamp\www\yii\framework\web\CController.php(784): CBaseController->renderFile('C:\\wamp\\www\\Fer...', Array, true)
#13 C:\wamp\www\FerreteriaVera\protected\controllers\SiteController.php(34): CController->render('index')
#14 C:\wamp\www\yii\framework\web\actions\CInlineAction.php(49): SiteController->actionIndex()
#15 C:\wamp\www\yii\framework\web\CController.php(308): CInlineAction->runWithParams(Array)
#16 C:\wamp\www\yii\framework\web\CController.php(286): CController->runAction(Object(CInlineAction))
#17 C:\wamp\www\yii\framework\web\CController.php(265): CController->runActionWithFilters(Object(CInlineAction), Array)
#18 C:\wamp\www\yii\framework\web\CWebApplication.php(282): CController->run('')
#19 C:\wamp\www\yii\framework\web\CWebApplication.php(141): CWebApplication->runController(false)
#20 C:\wamp\www\yii\framework\base\CApplication.php(184): CWebApplication->processRequest()
#21 C:\wamp\www\FerreteriaVera\index.php(13): CApplication->run()
#22 {main}
REQUEST_URI=/FerreteriaVera/index.php
HTTP_REFERER=http://localhost/FerreteriaVera/index.php/site/login
---
2016/06/13 14:41:18 [error] [exception.CException] exception 'CException' with message 'CWebUser and its behaviors do not have a method or closure named "name".' in C:\wamp\www\yii\framework\base\CComponent.php:266
Stack trace:
#0 C:\wamp\www\FerreteriaVera\protected\views\layouts\main.php(83): CComponent->__call('name', Array)
#1 C:\wamp\www\FerreteriaVera\protected\views\layouts\main.php(83): CWebUser->name()
#2 C:\wamp\www\yii\framework\web\CBaseController.php(126): require('C:\\wamp\\www\\Fer...')
#3 C:\wamp\www\yii\framework\web\CBaseController.php(95): CBaseController->renderInternal('C:\\wamp\\www\\Fer...', Array, true)
#4 C:\wamp\www\yii\framework\web\widgets\CContentDecorator.php(76): CBaseController->renderFile('C:\\wamp\\www\\Fer...', Array, true)
#5 C:\wamp\www\yii\framework\web\widgets\CContentDecorator.php(54): CContentDecorator->decorate('<div id="conten...')
#6 C:\wamp\www\yii\framework\web\widgets\COutputProcessor.php(44): CContentDecorator->processOutput('<div id="conten...')
#7 C:\wamp\www\yii\framework\web\CBaseController.php(214): COutputProcessor->run()
#8 C:\wamp\www\yii\framework\web\CBaseController.php(308): CBaseController->endWidget('CContentDecorat...')
#9 C:\wamp\www\FerreteriaVera\protected\views\layouts\column1.php(6): CBaseController->endContent()
#10 C:\wamp\www\yii\framework\web\CBaseController.php(126): require('C:\\wamp\\www\\Fer...')
#11 C:\wamp\www\yii\framework\web\CBaseController.php(95): CBaseController->renderInternal('C:\\wamp\\www\\Fer...', Array, true)
#12 C:\wamp\www\yii\framework\web\CController.php(784): CBaseController->renderFile('C:\\wamp\\www\\Fer...', Array, true)
#13 C:\wamp\www\FerreteriaVera\protected\controllers\SiteController.php(34): CController->render('index')
#14 C:\wamp\www\yii\framework\web\actions\CInlineAction.php(49): SiteController->actionIndex()
#15 C:\wamp\www\yii\framework\web\CController.php(308): CInlineAction->runWithParams(Array)
#16 C:\wamp\www\yii\framework\web\CController.php(286): CController->runAction(Object(CInlineAction))
#17 C:\wamp\www\yii\framework\web\CController.php(265): CController->runActionWithFilters(Object(CInlineAction), Array)
#18 C:\wamp\www\yii\framework\web\CWebApplication.php(282): CController->run('')
#19 C:\wamp\www\yii\framework\web\CWebApplication.php(141): CWebApplication->runController(false)
#20 C:\wamp\www\yii\framework\base\CApplication.php(184): CWebApplication->processRequest()
#21 C:\wamp\www\FerreteriaVera\index.php(13): CApplication->run()
#22 {main}
REQUEST_URI=/FerreteriaVera/index.php
HTTP_REFERER=http://localhost/FerreteriaVera/index.php/site/login
---
2016/06/13 15:04:38 [error] [exception.CException] exception 'CException' with message 'Property "Empresa.cuit" is not defined.' in C:\wamp\www\yii\framework\base\CComponent.php:130
Stack trace:
#0 C:\wamp\www\yii\framework\db\ar\CActiveRecord.php(145): CComponent->__get('cuit')
#1 C:\wamp\www\yii\framework\web\helpers\CHtml.php(2728): CActiveRecord->__get('cuit')
#2 C:\wamp\www\yii\framework\web\helpers\CHtml.php(2451): CHtml::resolveValue(Object(Empresa), 'cuit')
#3 C:\wamp\www\yii\framework\web\helpers\CHtml.php(1533): CHtml::activeInputField('text', Object(Empresa), 'cuit', Array)
#4 C:\wamp\www\yii\framework\web\widgets\CActiveForm.php(792): CHtml::activeTextField(Object(Empresa), 'cuit', Array)
#5 [internal function]: CActiveForm->textField(Object(Empresa), 'cuit', Array)
#6 C:\wamp\www\FerreteriaVera\protected\extensions\booster\widgets\TbActiveForm.php(1293): call_user_func_array(Array, Array)
#7 C:\wamp\www\FerreteriaVera\protected\extensions\booster\widgets\TbActiveForm.php(1152): TbActiveForm->verticalGroup(Array, Object(Empresa), 'cuit', Array)
#8 C:\wamp\www\FerreteriaVera\protected\extensions\booster\widgets\TbActiveForm.php(389): TbActiveForm->customFieldGroupInternal(Array, Object(Empresa), 'cuit', Array)
#9 C:\wamp\www\FerreteriaVera\protected\views\empresa\_form.php(20): TbActiveForm->textFieldGroup(Object(Empresa), 'cuit', Array)
#10 C:\wamp\www\yii\framework\web\CBaseController.php(126): require('C:\\wamp\\www\\Fer...')
#11 C:\wamp\www\yii\framework\web\CBaseController.php(95): CBaseController->renderInternal('C:\\wamp\\www\\Fer...', Array, true)
#12 C:\wamp\www\yii\framework\web\CController.php(869): CBaseController->renderFile('C:\\wamp\\www\\Fer...', Array, true)
#13 C:\wamp\www\FerreteriaVera\protected\views\empresa\create.php(22): CController->renderPartial('_form', Array)
#14 C:\wamp\www\yii\framework\web\CBaseController.php(126): require('C:\\wamp\\www\\Fer...')
#15 C:\wamp\www\yii\framework\web\CBaseController.php(95): CBaseController->renderInternal('C:\\wamp\\www\\Fer...', Array, true)
#16 C:\wamp\www\yii\framework\web\CController.php(869): CBaseController->renderFile('C:\\wamp\\www\\Fer...', Array, true)
#17 C:\wamp\www\yii\framework\web\CController.php(782): CController->renderPartial('create', Array, true)
#18 C:\wamp\www\FerreteriaVera\protected\controllers\EmpresaController.php(116): CController->render('create', Array)
#19 C:\wamp\www\yii\framework\web\actions\CInlineAction.php(49): EmpresaController->actionCreate()
#20 C:\wamp\www\yii\framework\web\CController.php(308): CInlineAction->runWithParams(Array)
#21 C:\wamp\www\yii\framework\web\filters\CFilterChain.php(133): CController->runAction(Object(CInlineAction))
#22 C:\wamp\www\yii\framework\web\filters\CFilter.php(40): CFilterChain->run()
#23 C:\wamp\www\yii\framework\web\CController.php(1145): CFilter->filter(Object(CFilterChain))
#24 C:\wamp\www\yii\framework\web\filters\CInlineFilter.php(58): CController->filterAccessControl(Object(CFilterChain))
#25 C:\wamp\www\yii\framework\web\filters\CFilterChain.php(130): CInlineFilter->filter(Object(CFilterChain))
#26 C:\wamp\www\yii\framework\web\CController.php(291): CFilterChain->run()
#27 C:\wamp\www\yii\framework\web\CController.php(265): CController->runActionWithFilters(Object(CInlineAction), Array)
#28 C:\wamp\www\yii\framework\web\CWebApplication.php(282): CController->run('create')
#29 C:\wamp\www\yii\framework\web\CWebApplication.php(141): CWebApplication->runController('empresa/create')
#30 C:\wamp\www\yii\framework\base\CApplication.php(184): CWebApplication->processRequest()
#31 C:\wamp\www\FerreteriaVera\index.php(13): CApplication->run()
#32 {main}
REQUEST_URI=/FerreteriaVera/index.php/empresa/create
---
2016/06/13 15:08:09 [error] [php] Creating default object from empty value (C:\wamp\www\FerreteriaVera\protected\controllers\EmpresaController.php:89)
Stack trace:
#0 C:\wamp\www\yii\framework\web\filters\CFilterChain.php(133): EmpresaController->runAction()
#1 C:\wamp\www\yii\framework\web\filters\CFilter.php(40): CFilterChain->run()
#2 C:\wamp\www\yii\framework\web\CController.php(1145): CAccessControlFilter->filter()
#3 C:\wamp\www\yii\framework\web\filters\CInlineFilter.php(58): EmpresaController->filterAccessControl()
#4 C:\wamp\www\yii\framework\web\filters\CFilterChain.php(130): CInlineFilter->filter()
#5 C:\wamp\www\yii\framework\web\CController.php(291): CFilterChain->run()
#6 C:\wamp\www\yii\framework\web\CController.php(265): EmpresaController->runActionWithFilters()
#7 C:\wamp\www\yii\framework\web\CWebApplication.php(282): EmpresaController->run()
#8 C:\wamp\www\yii\framework\web\CWebApplication.php(141): CWebApplication->runController()
#9 C:\wamp\www\yii\framework\base\CApplication.php(184): CWebApplication->processRequest()
#10 C:\wamp\www\FerreteriaVera\index.php(13): CWebApplication->run()
REQUEST_URI=/FerreteriaVera/index.php/empresa/create
in C:\wamp\www\FerreteriaVera\protected\controllers\EmpresaController.php (89)
in C:\wamp\www\FerreteriaVera\index.php (13)
2016/06/13 15:09:31 [error] [php] Creating default object from empty value (C:\wamp\www\FerreteriaVera\protected\controllers\EmpresaController.php:88)
Stack trace:
#0 C:\wamp\www\yii\framework\web\filters\CFilterChain.php(133): EmpresaController->runAction()
#1 C:\wamp\www\yii\framework\web\filters\CFilter.php(40): CFilterChain->run()
#2 C:\wamp\www\yii\framework\web\CController.php(1145): CAccessControlFilter->filter()
#3 C:\wamp\www\yii\framework\web\filters\CInlineFilter.php(58): EmpresaController->filterAccessControl()
#4 C:\wamp\www\yii\framework\web\filters\CFilterChain.php(130): CInlineFilter->filter()
#5 C:\wamp\www\yii\framework\web\CController.php(291): CFilterChain->run()
#6 C:\wamp\www\yii\framework\web\CController.php(265): EmpresaController->runActionWithFilters()
#7 C:\wamp\www\yii\framework\web\CWebApplication.php(282): EmpresaController->run()
#8 C:\wamp\www\yii\framework\web\CWebApplication.php(141): CWebApplication->runController()
#9 C:\wamp\www\yii\framework\base\CApplication.php(184): CWebApplication->processRequest()
#10 C:\wamp\www\FerreteriaVera\index.php(13): CWebApplication->run()
REQUEST_URI=/FerreteriaVera/index.php/empresa/create
in C:\wamp\www\FerreteriaVera\protected\controllers\EmpresaController.php (88)
in C:\wamp\www\FerreteriaVera\index.php (13)
2016/06/13 15:10:43 [error] [php] Creating default object from empty value (C:\wamp\www\FerreteriaVera\protected\controllers\EmpresaController.php:88)
Stack trace:
#0 C:\wamp\www\yii\framework\web\filters\CFilterChain.php(133): EmpresaController->runAction()
#1 C:\wamp\www\yii\framework\web\filters\CFilter.php(40): CFilterChain->run()
#2 C:\wamp\www\yii\framework\web\CController.php(1145): CAccessControlFilter->filter()
#3 C:\wamp\www\yii\framework\web\filters\CInlineFilter.php(58): EmpresaController->filterAccessControl()
#4 C:\wamp\www\yii\framework\web\filters\CFilterChain.php(130): CInlineFilter->filter()
#5 C:\wamp\www\yii\framework\web\CController.php(291): CFilterChain->run()
#6 C:\wamp\www\yii\framework\web\CController.php(265): EmpresaController->runActionWithFilters()
#7 C:\wamp\www\yii\framework\web\CWebApplication.php(282): EmpresaController->run()
#8 C:\wamp\www\yii\framework\web\CWebApplication.php(141): CWebApplication->runController()
#9 C:\wamp\www\yii\framework\base\CApplication.php(184): CWebApplication->processRequest()
#10 C:\wamp\www\FerreteriaVera\index.php(13): CWebApplication->run()
REQUEST_URI=/FerreteriaVera/index.php/empresa/create
in C:\wamp\www\FerreteriaVera\protected\controllers\EmpresaController.php (88)
in C:\wamp\www\FerreteriaVera\index.php (13)
2016/06/13 15:11:03 [error] [exception.CException] exception 'CException' with message 'Property "Empresa.CUIT" is not defined.' in C:\wamp\www\yii\framework\base\CComponent.php:130
Stack trace:
#0 C:\wamp\www\yii\framework\db\ar\CActiveRecord.php(145): CComponent->__get('CUIT')
#1 C:\wamp\www\FerreteriaVera\protected\views\empresa\_view.php(21): CActiveRecord->__get('CUIT')
#2 C:\wamp\www\yii\framework\web\CBaseController.php(130): require('C:\\wamp\\www\\Fer...')
#3 C:\wamp\www\yii\framework\web\CBaseController.php(95): CBaseController->renderInternal('C:\\wamp\\www\\Fer...', Array, false)
#4 C:\wamp\www\yii\framework\zii\widgets\CListView.php(291): CBaseController->renderFile('C:\\wamp\\www\\Fer...', Array)
#5 C:\wamp\www\yii\framework\zii\widgets\CBaseListView.php(181): CListView->renderItems()
#6 [internal function]: CBaseListView->renderSection(Array)
#7 C:\wamp\www\yii\framework\zii\widgets\CBaseListView.php(164): preg_replace_callback('/{(\\w+)}/', Array, '{summary}\n{sort...')
#8 C:\wamp\www\yii\framework\zii\widgets\CBaseListView.php(149): CBaseListView->renderContent()
#9 C:\wamp\www\yii\framework\web\CBaseController.php(181): CBaseListView->run()
#10 C:\wamp\www\FerreteriaVera\protected\views\empresa\index.php(20): CBaseController->widget('zii.widgets.CLi...', Array)
#11 C:\wamp\www\yii\framework\web\CBaseController.php(126): require('C:\\wamp\\www\\Fer...')
#12 C:\wamp\www\yii\framework\web\CBaseController.php(95): CBaseController->renderInternal('C:\\wamp\\www\\Fer...', Array, true)
#13 C:\wamp\www\yii\framework\web\CController.php(869): CBaseController->renderFile('C:\\wamp\\www\\Fer...', Array, true)
#14 C:\wamp\www\yii\framework\web\CController.php(782): CController->renderPartial('index', Array, true)
#15 C:\wamp\www\FerreteriaVera\protected\controllers\EmpresaController.php(164): CController->render('index', Array)
#16 C:\wamp\www\yii\framework\web\actions\CInlineAction.php(49): EmpresaController->actionIndex()
#17 C:\wamp\www\yii\framework\web\CController.php(308): CInlineAction->runWithParams(Array)
#18 C:\wamp\www\yii\framework\web\filters\CFilterChain.php(133): CController->runAction(Object(CInlineAction))
#19 C:\wamp\www\yii\framework\web\filters\CFilter.php(40): CFilterChain->run()
#20 C:\wamp\www\yii\framework\web\CController.php(1145): CFilter->filter(Object(CFilterChain))
#21 C:\wamp\www\yii\framework\web\filters\CInlineFilter.php(58): CController->filterAccessControl(Object(CFilterChain))
#22 C:\wamp\www\yii\framework\web\filters\CFilterChain.php(130): CInlineFilter->filter(Object(CFilterChain))
#23 C:\wamp\www\yii\framework\web\CController.php(291): CFilterChain->run()
#24 C:\wamp\www\yii\framework\web\CController.php(265): CController->runActionWithFilters(Object(CInlineAction), Array)
#25 C:\wamp\www\yii\framework\web\CWebApplication.php(282): CController->run('index')
#26 C:\wamp\www\yii\framework\web\CWebApplication.php(141): CWebApplication->runController('empresa/index')
#27 C:\wamp\www\yii\framework\base\CApplication.php(184): CWebApplication->processRequest()
#28 C:\wamp\www\FerreteriaVera\index.php(13): CApplication->run()
#29 {main}
REQUEST_URI=/FerreteriaVera/index.php/empresa/index
HTTP_REFERER=http://localhost/FerreteriaVera/index.php/empresa/create
---
2016/06/13 15:11:28 [error] [exception.CException] exception 'CException' with message 'Property "Empresa.CUIT" is not defined.' in C:\wamp\www\yii\framework\base\CComponent.php:130
Stack trace:
#0 C:\wamp\www\yii\framework\db\ar\CActiveRecord.php(145): CComponent->__get('CUIT')
#1 C:\wamp\www\FerreteriaVera\protected\views\empresa\_view.php(21): CActiveRecord->__get('CUIT')
#2 C:\wamp\www\yii\framework\web\CBaseController.php(130): require('C:\\wamp\\www\\Fer...')
#3 C:\wamp\www\yii\framework\web\CBaseController.php(95): CBaseController->renderInternal('C:\\wamp\\www\\Fer...', Array, false)
#4 C:\wamp\www\yii\framework\zii\widgets\CListView.php(291): CBaseController->renderFile('C:\\wamp\\www\\Fer...', Array)
#5 C:\wamp\www\yii\framework\zii\widgets\CBaseListView.php(181): CListView->renderItems()
#6 [internal function]: CBaseListView->renderSection(Array)
#7 C:\wamp\www\yii\framework\zii\widgets\CBaseListView.php(164): preg_replace_callback('/{(\\w+)}/', Array, '{summary}\n{sort...')
#8 C:\wamp\www\yii\framework\zii\widgets\CBaseListView.php(149): CBaseListView->renderContent()
#9 C:\wamp\www\yii\framework\web\CBaseController.php(181): CBaseListView->run()
#10 C:\wamp\www\FerreteriaVera\protected\views\empresa\index.php(20): CBaseController->widget('zii.widgets.CLi...', Array)
#11 C:\wamp\www\yii\framework\web\CBaseController.php(126): require('C:\\wamp\\www\\Fer...')
#12 C:\wamp\www\yii\framework\web\CBaseController.php(95): CBaseController->renderInternal('C:\\wamp\\www\\Fer...', Array, true)
#13 C:\wamp\www\yii\framework\web\CController.php(869): CBaseController->renderFile('C:\\wamp\\www\\Fer...', Array, true)
#14 C:\wamp\www\yii\framework\web\CController.php(782): CController->renderPartial('index', Array, true)
#15 C:\wamp\www\FerreteriaVera\protected\controllers\EmpresaController.php(164): CController->render('index', Array)
#16 C:\wamp\www\yii\framework\web\actions\CInlineAction.php(49): EmpresaController->actionIndex()
#17 C:\wamp\www\yii\framework\web\CController.php(308): CInlineAction->runWithParams(Array)
#18 C:\wamp\www\yii\framework\web\filters\CFilterChain.php(133): CController->runAction(Object(CInlineAction))
#19 C:\wamp\www\yii\framework\web\filters\CFilter.php(40): CFilterChain->run()
#20 C:\wamp\www\yii\framework\web\CController.php(1145): CFilter->filter(Object(CFilterChain))
#21 C:\wamp\www\yii\framework\web\filters\CInlineFilter.php(58): CController->filterAccessControl(Object(CFilterChain))
#22 C:\wamp\www\yii\framework\web\filters\CFilterChain.php(130): CInlineFilter->filter(Object(CFilterChain))
#23 C:\wamp\www\yii\framework\web\CController.php(291): CFilterChain->run()
#24 C:\wamp\www\yii\framework\web\CController.php(265): CController->runActionWithFilters(Object(CInlineAction), Array)
#25 C:\wamp\www\yii\framework\web\CWebApplication.php(282): CController->run('index')
#26 C:\wamp\www\yii\framework\web\CWebApplication.php(141): CWebApplication->runController('empresa/index')
#27 C:\wamp\www\yii\framework\base\CApplication.php(184): CWebApplication->processRequest()
#28 C:\wamp\www\FerreteriaVera\index.php(13): CApplication->run()
#29 {main}
REQUEST_URI=/FerreteriaVera/index.php/empresa/index
HTTP_REFERER=http://localhost/FerreteriaVera/index.php/empresa/create
---
2016/06/13 15:16:02 [error] [exception.CException] exception 'CException' with message 'Property "Empresa.CUIT" is not defined.' in C:\wamp\www\yii\framework\base\CComponent.php:130
Stack trace:
#0 C:\wamp\www\yii\framework\db\ar\CActiveRecord.php(145): CComponent->__get('CUIT')
#1 C:\wamp\www\yii\framework\web\helpers\CHtml.php(2728): CActiveRecord->__get('CUIT')
#2 C:\wamp\www\yii\framework\web\helpers\CHtml.php(2451): CHtml::resolveValue(Object(Empresa), 'CUIT')
#3 C:\wamp\www\yii\framework\web\helpers\CHtml.php(1533): CHtml::activeInputField('text', Object(Empresa), 'CUIT', Array)
#4 C:\wamp\www\yii\framework\web\widgets\CActiveForm.php(792): CHtml::activeTextField(Object(Empresa), 'CUIT', Array)
#5 C:\wamp\www\FerreteriaVera\protected\views\empresa\_search.php(31): CActiveForm->textField(Object(Empresa), 'CUIT')
#6 C:\wamp\www\yii\framework\web\CBaseController.php(126): require('C:\\wamp\\www\\Fer...')
#7 C:\wamp\www\yii\framework\web\CBaseController.php(95): CBaseController->renderInternal('C:\\wamp\\www\\Fer...', Array, true)
#8 C:\wamp\www\yii\framework\web\CController.php(869): CBaseController->renderFile('C:\\wamp\\www\\Fer...', Array, true)
#9 C:\wamp\www\FerreteriaVera\protected\views\empresa\admin.php(40): CController->renderPartial('_search', Array)
#10 C:\wamp\www\yii\framework\web\CBaseController.php(126): require('C:\\wamp\\www\\Fer...')
#11 C:\wamp\www\yii\framework\web\CBaseController.php(95): CBaseController->renderInternal('C:\\wamp\\www\\Fer...', Array, true)
#12 C:\wamp\www\yii\framework\web\CController.php(869): CBaseController->renderFile('C:\\wamp\\www\\Fer...', Array, true)
#13 C:\wamp\www\yii\framework\web\CController.php(782): CController->renderPartial('admin', Array, true)
#14 C:\wamp\www\FerreteriaVera\protected\controllers\EmpresaController.php(178): CController->render('admin', Array)
#15 C:\wamp\www\yii\framework\web\actions\CInlineAction.php(49): EmpresaController->actionAdmin()
#16 C:\wamp\www\yii\framework\web\CController.php(308): CInlineAction->runWithParams(Array)
#17 C:\wamp\www\yii\framework\web\filters\CFilterChain.php(133): CController->runAction(Object(CInlineAction))
#18 C:\wamp\www\yii\framework\web\filters\CFilter.php(40): CFilterChain->run()
#19 C:\wamp\www\yii\framework\web\CController.php(1145): CFilter->filter(Object(CFilterChain))
#20 C:\wamp\www\yii\framework\web\filters\CInlineFilter.php(58): CController->filterAccessControl(Object(CFilterChain))
#21 C:\wamp\www\yii\framework\web\filters\CFilterChain.php(130): CInlineFilter->filter(Object(CFilterChain))
#22 C:\wamp\www\yii\framework\web\CController.php(291): CFilterChain->run()
#23 C:\wamp\www\yii\framework\web\CController.php(265): CController->runActionWithFilters(Object(CInlineAction), Array)
#24 C:\wamp\www\yii\framework\web\CWebApplication.php(282): CController->run('admin')
#25 C:\wamp\www\yii\framework\web\CWebApplication.php(141): CWebApplication->runController('empresa/admin')
#26 C:\wamp\www\yii\framework\base\CApplication.php(184): CWebApplication->processRequest()
#27 C:\wamp\www\FerreteriaVera\index.php(13): CApplication->run()
#28 {main}
REQUEST_URI=/FerreteriaVera/index.php/empresa/admin
HTTP_REFERER=http://localhost/FerreteriaVera/index.php/empresa/index
---
2016/06/13 15:16:24 [error] [exception.CException] exception 'CException' with message 'Property "Empresa.CUIT" is not defined.' in C:\wamp\www\yii\framework\base\CComponent.php:130
Stack trace:
#0 C:\wamp\www\yii\framework\db\ar\CActiveRecord.php(145): CComponent->__get('CUIT')
#1 C:\wamp\www\yii\framework\web\helpers\CHtml.php(2728): CActiveRecord->__get('CUIT')
#2 C:\wamp\www\yii\framework\web\helpers\CHtml.php(2451): CHtml::resolveValue(Object(Empresa), 'CUIT')
#3 C:\wamp\www\yii\framework\web\helpers\CHtml.php(1533): CHtml::activeInputField('text', Object(Empresa), 'CUIT', Array)
#4 C:\wamp\www\yii\framework\web\widgets\CActiveForm.php(792): CHtml::activeTextField(Object(Empresa), 'CUIT', Array)
#5 C:\wamp\www\FerreteriaVera\protected\views\empresa\_search.php(31): CActiveForm->textField(Object(Empresa), 'CUIT')
#6 C:\wamp\www\yii\framework\web\CBaseController.php(126): require('C:\\wamp\\www\\Fer...')
#7 C:\wamp\www\yii\framework\web\CBaseController.php(95): CBaseController->renderInternal('C:\\wamp\\www\\Fer...', Array, true)
#8 C:\wamp\www\yii\framework\web\CController.php(869): CBaseController->renderFile('C:\\wamp\\www\\Fer...', Array, true)
#9 C:\wamp\www\FerreteriaVera\protected\views\empresa\admin.php(40): CController->renderPartial('_search', Array)
#10 C:\wamp\www\yii\framework\web\CBaseController.php(126): require('C:\\wamp\\www\\Fer...')
#11 C:\wamp\www\yii\framework\web\CBaseController.php(95): CBaseController->renderInternal('C:\\wamp\\www\\Fer...', Array, true)
#12 C:\wamp\www\yii\framework\web\CController.php(869): CBaseController->renderFile('C:\\wamp\\www\\Fer...', Array, true)
#13 C:\wamp\www\yii\framework\web\CController.php(782): CController->renderPartial('admin', Array, true)
#14 C:\wamp\www\FerreteriaVera\protected\controllers\EmpresaController.php(178): CController->render('admin', Array)
#15 C:\wamp\www\yii\framework\web\actions\CInlineAction.php(49): EmpresaController->actionAdmin()
#16 C:\wamp\www\yii\framework\web\CController.php(308): CInlineAction->runWithParams(Array)
#17 C:\wamp\www\yii\framework\web\filters\CFilterChain.php(133): CController->runAction(Object(CInlineAction))
#18 C:\wamp\www\yii\framework\web\filters\CFilter.php(40): CFilterChain->run()
#19 C:\wamp\www\yii\framework\web\CController.php(1145): CFilter->filter(Object(CFilterChain))
#20 C:\wamp\www\yii\framework\web\filters\CInlineFilter.php(58): CController->filterAccessControl(Object(CFilterChain))
#21 C:\wamp\www\yii\framework\web\filters\CFilterChain.php(130): CInlineFilter->filter(Object(CFilterChain))
#22 C:\wamp\www\yii\framework\web\CController.php(291): CFilterChain->run()
#23 C:\wamp\www\yii\framework\web\CController.php(265): CController->runActionWithFilters(Object(CInlineAction), Array)
#24 C:\wamp\www\yii\framework\web\CWebApplication.php(282): CController->run('admin')
#25 C:\wamp\www\yii\framework\web\CWebApplication.php(141): CWebApplication->runController('empresa/admin')
#26 C:\wamp\www\yii\framework\base\CApplication.php(184): CWebApplication->processRequest()
#27 C:\wamp\www\FerreteriaVera\index.php(13): CApplication->run()
#28 {main}
REQUEST_URI=/FerreteriaVera/index.php/empresa/admin
HTTP_REFERER=http://localhost/FerreteriaVera/index.php/empresa/index
---
2016/06/13 15:23:10 [error] [exception.CHttpException.400] exception 'CHttpException' with message 'Your request is invalid.' in C:\wamp\www\yii\framework\web\CController.php:336
Stack trace:
#0 C:\wamp\www\yii\framework\web\CController.php(309): CController->invalidActionParams(Object(CInlineAction))
#1 C:\wamp\www\yii\framework\web\filters\CFilterChain.php(133): CController->runAction(Object(CInlineAction))
#2 C:\wamp\www\yii\framework\web\filters\CFilter.php(40): CFilterChain->run()
#3 C:\wamp\www\yii\framework\web\CController.php(1145): CFilter->filter(Object(CFilterChain))
#4 C:\wamp\www\yii\framework\web\filters\CInlineFilter.php(58): CController->filterAccessControl(Object(CFilterChain))
#5 C:\wamp\www\yii\framework\web\filters\CFilterChain.php(130): CInlineFilter->filter(Object(CFilterChain))
#6 C:\wamp\www\yii\framework\web\CController.php(291): CFilterChain->run()
#7 C:\wamp\www\yii\framework\web\CController.php(265): CController->runActionWithFilters(Object(CInlineAction), Array)
#8 C:\wamp\www\yii\framework\web\CWebApplication.php(282): CController->run('update')
#9 C:\wamp\www\yii\framework\web\CWebApplication.php(141): CWebApplication->runController('empresa/update')
#10 C:\wamp\www\yii\framework\base\CApplication.php(184): CWebApplication->processRequest()
#11 C:\wamp\www\FerreteriaVera\index.php(13): CApplication->run()
#12 {main}
REQUEST_URI=/FerreteriaVera/index.php/empresa/update?cuit=2147483647
HTTP_REFERER=http://localhost/FerreteriaVera/index.php/empresa/admin
---
